-7. 34284.4
-6.99 34184.7
-6.98 34086.
-6.97 33988.4
-6.96 33891.9
-6.95 33796.4
-6.94 33701.9
-6.93 33608.5
-6.92 33516.1
-6.91 33424.8
-6.9 33334.5
-6.89 33245.3
-6.88 33157.1
-6.87 33069.9
-6.86 32983.9
-6.85 32898.8
-6.84 32814.8
-6.83 32731.8
-6.82 32649.9
-6.81 32569.
-6.8 32489.2
-6.79 32410.3
-6.78 32332.6
-6.77 32255.8
-6.76 32180.1
-6.75 32105.4
-6.74 32031.7
-6.73 31959.1
-6.72 31887.4
-6.71 31816.8
-6.7 31747.2
-6.69 31678.6
-6.68 31611.
-6.67 31544.4
-6.66 31478.8
-6.65 31414.2
-6.64 31350.6
-6.63 31288.
-6.62 31226.3
-6.61 31165.7
-6.6 31106.
-6.59 31047.3
-6.58 30989.5
-6.57 30932.7
-6.56 30876.9
-6.55 30822.
-6.54 30768.1
-6.53 30715.2
-6.52 30663.1
-6.51 30612.
-6.5 30561.8
-6.49 30512.6
-6.48 30464.3
-6.47 30416.9
-6.46 30370.4
-6.45 30324.8
-6.44 30280.1
-6.43 30236.2
-6.42 30193.3
-6.41 30151.3
-6.4 30110.1
-6.39 30069.8
-6.38 30030.4
-6.37 29991.8
-6.36 29954.1
-6.35 29917.2
-6.34 29881.1
-6.33 29845.9
-6.32 29811.5
-6.31 29778.
-6.3 29745.2
-6.29 29713.3
-6.28 29682.1
-6.27 29651.8
-6.26 29622.2
-6.25 29593.4
-6.24 29565.4
-6.23 29538.1
-6.22 29511.6
-6.21 29485.9
-6.2 29460.9
-6.19 29436.6
-6.18 29413.1
-6.17 29390.3
-6.16 29368.2
-6.15 29346.8
-6.14 29326.1
-6.13 29306.1
-6.12 29286.8
-6.11 29268.2
-6.1 29250.2
-6.09 29232.9
-6.08 29216.3
-6.07 29200.3
-6.06 29184.9
-6.05 29170.2
-6.04 29156.
-6.03 29142.5
-6.02 29129.6
-6.01 29117.3
-6. 29105.6
-5.99 29094.5
-5.98 29083.9
-5.97 29074.
-5.96 29064.5
-5.95 29055.6
-5.94 29047.3
-5.93 29039.5
-5.92 29032.2
-5.91 29025.4
-5.9 29019.1
-5.89 29013.3
-5.88 29008.
-5.87 29003.2
-5.86 28998.8
-5.85 28994.9
-5.84 28991.4
-5.83 28988.4
-5.82 28985.9
-5.81 28983.7
-5.8 28982.
-5.79 28980.6
-5.78 28979.7
-5.77 28979.1
-5.76 28978.9
-5.75 28979.1
-5.74 28979.7
-5.73 28980.5
-5.72 28981.8
-5.71 28983.3
-5.7 28985.2
-5.69 28987.4
-5.68 28989.9
-5.67 28992.6
-5.66 28995.7
-5.65 28999.
-5.64 29002.6
-5.63 29006.4
-5.62 29010.5
-5.61 29014.7
-5.6 29019.3
-5.59 29024.
-5.58 29028.9
-5.57 29034.
-5.56 29039.3
-5.55 29044.8
-5.54 29050.4
-5.53 29056.1
-5.52 29062.
-5.51 29068.1
-5.5 29074.2
-5.49 29080.5
-5.48 29086.8
-5.47 29093.3
-5.46 29099.8
-5.45 29106.3
-5.44 29113.
-5.43 29119.6
-5.42 29126.3
-5.41 29133.
-5.4 29139.8
-5.39 29146.5
-5.38 29153.2
-5.37 29160.
-5.36 29166.6
-5.35 29173.3
-5.34 29179.8
-5.33 29186.4
-5.32 29192.8
-5.31 29199.1
-5.3 29205.4
-5.29 29211.6
-5.28 29217.6
-5.27 29223.5
-5.26 29229.3
-5.25 29234.9
-5.24 29240.4
-5.23 29245.7
-5.22 29250.8
-5.21 29255.7
-5.2 29260.4
-5.19 29264.9
-5.18 29269.2
-5.17 29273.2
-5.16 29277.
-5.15 29280.5
-5.14 29283.8
-5.13 29286.8
-5.12 29289.5
-5.11 29291.9
-5.1 29294.
-5.09 29295.8
-5.08 29297.2
-5.07 29298.4
-5.06 29299.1
-5.05 29299.5
-5.04 29299.5
-5.03 29299.2
-5.02 29298.4
-5.01 29297.3
-5. 29295.7
-4.99 29293.7
-4.98 29291.3
-4.97 29288.5
-4.96 29285.1
-4.95 29281.4
-4.94 29277.1
-4.93 29272.4
-4.92 29267.2
-4.91 29261.5
-4.9 29255.3
-4.89 29248.5
-4.88 29241.3
-4.87 29233.4
-4.86 29225.1
-4.85 29216.2
-4.84 29206.7
-4.83 29196.7
-4.82 29186.
-4.81 29174.8
-4.8 29163.
-4.79 29150.6
-4.78 29137.5
-4.77 29123.8
-4.76 29109.5
-4.75 29094.6
-4.74 29079.
-4.73 29062.8
-4.72 29045.8
-4.71 29028.2
-4.7 29010.
-4.69 28991.
-4.68 28971.4
-4.67 28951.
-4.66 28930.
-4.65 28908.2
-4.64 28885.7
-4.63 28862.5
-4.62 28838.5
-4.61 28813.8
-4.6 28788.3
-4.59 28762.1
-4.58 28735.2
-4.57 28707.4
-4.56 28678.9
-4.55 28649.6
-4.54 28619.6
-4.53 28588.7
-4.52 28557.1
-4.51 28524.6
-4.5 28491.4
-4.49 28457.3
-4.48 28422.4
-4.47 28386.7
-4.46 28350.2
-4.45 28312.9
-4.44 28274.7
-4.43 28235.8
-4.42 28195.9
-4.41 28155.3
-4.4 28113.8
-4.39 28071.4
-4.38 28028.2
-4.37 27984.2
-4.36 27939.3
-4.35 27893.5
-4.34 27846.9
-4.33 27799.5
-4.32 27751.1
-4.31 27702.
-4.3 27651.9
-4.29 27601.
-4.28 27549.2
-4.27 27496.6
-4.26 27443.1
-4.25 27388.7
-4.24 27333.4
-4.23 27277.3
-4.22 27220.4
-4.21 27162.5
-4.2 27103.8
-4.19 27044.3
-4.18 26983.8
-4.17 26922.5
-4.16 26860.4
-4.15 26797.3
-4.14 26733.5
-4.13 26668.7
-4.12 26603.2
-4.11 26536.7
-4.1 26469.4
-4.09 26401.3
-4.08 26332.3
-4.07 26262.5
-4.06 26191.8
-4.05 26120.3
-4.04 26048.
-4.03 25974.9
-4.02 25900.9
-4.01 25826.1
-4. 25750.5
-3.99 25674.1
-3.98 25596.9
-3.97 25518.8
-3.96 25440.
-3.95 25360.4
-3.94 25280.
-3.93 25198.8
-3.92 25116.9
-3.91 25034.2
-3.9 24950.7
-3.89 24866.5
-3.88 24781.5
-3.87 24695.7
-3.86 24609.3
-3.85 24522.1
-3.84 24434.2
-3.83 24345.6
-3.82 24256.2
-3.81 24166.2
-3.8 24075.5
-3.79 23984.1
-3.78 23892.
-3.77 23799.2
-3.76 23705.8
-3.75 23611.7
-3.74 23517.
-3.73 23421.7
-3.72 23325.7
-3.71 23229.1
-3.7 23131.9
-3.69 23034.2
-3.68 22935.8
-3.67 22836.8
-3.66 22737.3
-3.65 22637.2
-3.64 22536.6
-3.63 22435.4
-3.62 22333.7
-3.61 22231.5
-3.6 22128.7
-3.59 22025.5
-3.58 21921.8
-3.57 21817.6
-3.56 21712.9
-3.55 21607.8
-3.54 21502.2
-3.53 21396.2
-3.52 21289.8
-3.51 21183.
-3.5 21075.7
-3.49 20968.1
-3.48 20860.1
-3.47 20751.7
-3.46 20643.
-3.45 20533.9
-3.44 20424.5
-3.43 20314.8
-3.42 20204.7
-3.41 20094.4
-3.4 19983.8
-3.39 19872.9
-3.38 19761.7
-3.37 19650.3
-3.36 19538.6
-3.35 19426.7
-3.34 19314.6
-3.33 19202.3
-3.32 19089.9
-3.31 18977.2
-3.3 18864.3
-3.29 18751.3
-3.28 18638.2
-3.27 18524.9
-3.26 18411.5
-3.25 18298.
-3.24 18184.4
-3.23 18070.7
-3.22 17957.
-3.21 17843.2
-3.2 17729.3
-3.19 17615.4
-3.18 17501.5
-3.17 17387.5
-3.16 17273.6
-3.15 17159.6
-3.14 17045.7
-3.13 16931.8
-3.12 16818.
-3.11 16704.2
-3.1 16590.5
-3.09 16476.9
-3.08 16363.3
-3.07 16249.9
-3.06 16136.5
-3.05 16023.3
-3.04 15910.2
-3.03 15797.3
-3.02 15684.5
-3.01 15571.9
-3. 15459.4
-2.99 15347.2
-2.98 15235.1
-2.97 15123.3
-2.96 15011.6
-2.95 14900.2
-2.94 14789.
-2.93 14678.1
-2.92 14567.5
-2.91 14457.1
-2.9 14346.9
-2.89 14237.1
-2.88 14127.6
-2.87 14018.3
-2.86 13909.4
-2.85 13800.8
-2.84 13692.5
-2.83 13584.6
-2.82 13477.
-2.81 13369.8
-2.8 13262.9
-2.79 13156.4
-2.78 13050.3
-2.77 12944.6
-2.76 12839.3
-2.75 12734.4
-2.74 12629.9
-2.73 12525.8
-2.72 12422.1
-2.71 12318.9
-2.7 12216.1
-2.69 12113.8
-2.68 12011.9
-2.67 11910.5
-2.66 11809.5
-2.65 11709.
-2.64 11609.
-2.63 11509.5
-2.62 11410.5
-2.61 11311.9
-2.6 11213.9
-2.59 11116.3
-2.58 11019.3
-2.57 10922.8
-2.56 10826.8
-2.55 10731.4
-2.54 10636.4
-2.53 10542.
-2.52 10448.2
-2.51 10354.8
-2.5 10262.1
-2.49 10169.8
-2.48 10078.2
-2.47 9987.04
-2.46 9896.47
-2.45 9806.47
-2.44 9717.03
-2.43 9628.16
-2.42 9539.86
-2.41 9452.12
-2.4 9364.96
-2.39 9278.38
-2.38 9192.37
-2.37 9106.94
-2.36 9022.1
-2.35 8937.83
-2.34 8854.15
-2.33 8771.05
-2.32 8688.54
-2.31 8606.61
-2.3 8525.27
-2.29 8444.51
-2.28 8364.35
-2.27 8284.77
-2.26 8205.78
-2.25 8127.38
-2.24 8049.56
-2.23 7972.33
-2.22 7895.69
-2.21 7819.64
-2.2 7744.17
-2.19 7669.28
-2.18 7594.98
-2.17 7521.26
-2.16 7448.12
-2.15 7375.57
-2.14 7303.59
-2.13 7232.19
-2.12 7161.36
-2.11 7091.11
-2.1 7021.43
-2.09 6952.32
-2.08 6883.78
-2.07 6815.8
-2.06 6748.39
-2.05 6681.54
-2.04 6615.24
-2.03 6549.51
-2.02 6484.32
-2.01 6419.69
-2. 6355.6
-1.99 6292.06
-1.98 6229.06
-1.97 6166.59
-1.96 6104.67
-1.95 6043.27
-1.94 5982.41
-1.93 5922.07
-1.92 5862.25
-1.91 5802.95
-1.9 5744.17
-1.89 5685.89
-1.88 5628.13
-1.87 5570.87
-1.86 5514.11
-1.85 5457.84
-1.84 5402.07
-1.83 5346.79
-1.82 5291.99
-1.81 5237.67
-1.8 5183.83
-1.79 5130.47
-1.78 5077.57
-1.77 5025.13
-1.76 4973.16
-1.75 4921.64
-1.74 4870.58
-1.73 4819.96
-1.72 4769.79
-1.71 4720.05
-1.7 4670.75
-1.69 4621.89
-1.68 4573.45
-1.67 4525.43
-1.66 4477.83
-1.65 4430.65
-1.64 4383.88
-1.63 4337.51
-1.62 4291.54
-1.61 4245.98
-1.6 4200.8
-1.59 4156.02
-1.58 4111.62
-1.57 4067.6
-1.56 4023.96
-1.55 3980.69
-1.54 3937.8
-1.53 3895.26
-1.52 3853.09
-1.51 3811.28
-1.5 3769.82
-1.49 3728.71
-1.48 3687.94
-1.47 3647.52
-1.46 3607.44
-1.45 3567.69
-1.44 3528.27
-1.43 3489.18
-1.42 3450.41
-1.41 3411.97
-1.4 3373.84
-1.39 3336.03
-1.38 3298.53
-1.37 3261.33
-1.36 3224.44
-1.35 3187.85
-1.34 3151.56
-1.33 3115.56
-1.32 3079.86
-1.31 3044.44
-1.3 3009.32
-1.29 2974.47
-1.28 2939.91
-1.27 2905.63
-1.26 2871.62
-1.25 2837.89
-1.24 2804.43
-1.23 2771.23
-1.22 2738.31
-1.21 2705.65
-1.2 2673.25
-1.19 2641.11
-1.18 2609.23
-1.17 2577.61
-1.16 2546.24
-1.15 2515.13
-1.14 2484.27
-1.13 2453.66
-1.12 2423.3
-1.11 2393.18
-1.1 2363.31
-1.09 2333.69
-1.08 2304.31
-1.07 2275.17
-1.06 2246.28
-1.05 2217.63
-1.04 2189.21
-1.03 2161.04
-1.02 2133.1
-1.01 2105.4
-1. 2077.94
-0.99 2050.71
-0.98 2023.72
-0.97 1996.97
-0.96 1970.45
-0.95 1944.17
-0.94 1918.12
-0.93 1892.31
-0.92 1866.73
-0.91 1841.39
-0.9 1816.29
-0.89 1791.42
-0.88 1766.78
-0.87 1742.38
-0.86 1718.22
-0.85 1694.3
-0.84 1670.61
-0.83 1647.16
-0.82 1623.95
-0.81 1600.98
-0.8 1578.24
-0.79 1555.75
-0.78 1533.5
-0.77 1511.5
-0.76 1489.73
-0.75 1468.21
-0.74 1446.94
-0.73 1425.91
-0.72 1405.13
-0.71 1384.6
-0.7 1364.31
-0.69 1344.28
-0.68 1324.5
-0.67 1304.97
-0.66 1285.7
-0.65 1266.69
-0.64 1247.93
-0.63 1229.43
-0.62 1211.19
-0.61 1193.21
-0.6 1175.49
-0.59 1158.04
-0.58 1140.85
-0.57 1123.93
-0.56 1107.28
-0.55 1090.9
-0.54 1074.8
-0.53 1058.96
-0.52 1043.4
-0.51 1028.12
-0.5 1013.11
-0.49 998.387
-0.48 983.941
-0.47 969.779
-0.46 955.9
-0.45 942.306
-0.44 929.
-0.43 915.982
-0.42 903.253
-0.41 890.816
-0.4 878.672
-0.39 866.822
-0.38 855.268
-0.37 844.01
-0.36 833.051
-0.35 822.391
-0.34 812.032
-0.33 801.975
-0.32 792.221
-0.31 782.771
-0.3 773.628
-0.29 764.79
-0.28 756.261
-0.27 748.041
-0.26 740.13
-0.25 732.529
-0.24 725.241
-0.23 718.265
-0.22 711.602
-0.21 705.252
-0.2 699.218
-0.19 693.499
-0.18 688.095
-0.17 683.008
-0.16 678.238
-0.15 673.785
-0.14 669.65
-0.13 665.832
-0.12 662.333
-0.11 659.151
-0.1 656.288
-0.09 653.744
-0.08 651.518
-0.07 649.61
-0.06 648.02
-0.05 646.748
-0.04 645.793
-0.03 645.156
-0.02 644.835
-0.01 644.831
0. 645.142
0.01 645.768
0.02 646.708
0.03 647.961
0.04 649.527
0.05 651.404
0.06 653.592
0.07 656.089
0.08 658.894
0.09 662.006
0.1 665.424
0.11 669.145
0.12 673.169
0.13 677.494
0.14 682.119
0.15 687.041
0.16 692.259
0.17 697.77
0.18 703.574
0.19 709.668
0.2 716.049
0.21 722.716
0.22 729.667
0.23 736.898
0.24 744.408
0.25 752.195
0.26 760.255
0.27 768.586
0.28 777.185
0.29 786.05
0.3 795.177
0.31 804.564
0.32 814.208
0.33 824.106
0.34 834.255
0.35 844.652
0.36 855.292
0.37 866.174
0.38 877.294
0.39 888.647
0.4 900.232
0.41 912.044
0.42 924.08
0.43 936.336
0.44 948.809
0.45 961.494
0.46 974.388
0.47 987.488
0.48 1000.79
0.49 1014.29
0.5 1027.98
0.51 1041.86
0.52 1055.93
0.53 1070.17
0.54 1084.6
0.55 1099.2
0.56 1113.96
0.57 1128.9
0.58 1143.99
0.59 1159.24
0.6 1174.64
0.61 1190.18
0.62 1205.88
0.63 1221.71
0.64 1237.67
0.65 1253.77
0.66 1269.99
0.67 1286.33
0.68 1302.79
0.69 1319.36
0.7 1336.04
0.71 1352.83
0.72 1369.71
0.73 1386.69
0.74 1403.76
0.75 1420.92
0.76 1438.16
0.77 1455.47
0.78 1472.86
0.79 1490.32
0.8 1507.84
0.81 1525.43
0.82 1543.07
0.83 1560.76
0.84 1578.5
0.85 1596.28
0.86 1614.1
0.87 1631.96
0.88 1649.85
0.89 1667.77
0.9 1685.71
0.91 1703.67
0.92 1721.64
0.93 1739.63
0.94 1757.62
0.95 1775.62
0.96 1793.62
0.97 1811.61
0.98 1829.6
0.99 1847.58
1. 1865.54
1.01 1883.49
1.02 1901.42
1.03 1919.33
1.04 1937.2
1.05 1955.05
1.06 1972.87
1.07 1990.65
1.08 2008.39
1.09 2026.09
1.1 2043.75
1.11 2061.36
1.12 2078.92
1.13 2096.43
1.14 2113.89
1.15 2131.29
1.16 2148.64
1.17 2165.92
1.18 2183.14
1.19 2200.3
1.2 2217.39
1.21 2234.42
1.22 2251.38
1.23 2268.27
1.24 2285.08
1.25 2301.83
1.26 2318.5
1.27 2335.1
1.28 2351.62
1.29 2368.06
1.3 2384.43
1.31 2400.73
1.32 2416.94
1.33 2433.07
1.34 2449.13
1.35 2465.11
1.36 2481.01
1.37 2496.84
1.38 2512.58
1.39 2528.25
1.4 2543.84
1.41 2559.36
1.42 2574.8
1.43 2590.16
1.44 2605.45
1.45 2620.67
1.46 2635.82
1.47 2650.9
1.48 2665.91
1.49 2680.85
1.5 2695.73
1.51 2710.55
1.52 2725.3
1.53 2740.
1.54 2754.63
1.55 2769.22
1.56 2783.75
1.57 2798.23
1.58 2812.66
1.59 2827.05
1.6 2841.4
1.61 2855.71
1.62 2869.99
1.63 2884.23
1.64 2898.45
1.65 2912.64
1.66 2926.81
1.67 2940.96
1.68 2955.1
1.69 2969.23
1.7 2983.35
1.71 2997.47
1.72 3011.59
1.73 3025.72
1.74 3039.86
1.75 3054.01
1.76 3068.19
1.77 3082.39
1.78 3096.62
1.79 3110.88
1.8 3125.19
1.81 3139.54
1.82 3153.93
1.83 3168.39
1.84 3182.9
1.85 3197.48
1.86 3212.13
1.87 3226.86
1.88 3241.67
1.89 3256.56
1.9 3271.56
1.91 3286.65
1.92 3301.84
1.93 3317.15
1.94 3332.57
1.95 3348.12
1.96 3363.8
1.97 3379.62
1.98 3395.57
1.99 3411.68
2. 3427.93
2.01 3444.35
2.02 3460.94
2.03 3477.7
2.04 3494.64
2.05 3511.77
2.06 3529.09
2.07 3546.61
2.08 3564.34
2.09 3582.28
2.1 3600.44
2.11 3618.82
2.12 3637.44
2.13 3656.3
2.14 3675.4
2.15 3694.75
2.16 3714.37
2.17 3734.25
2.18 3754.4
2.19 3774.83
2.2 3795.55
2.21 3816.56
2.22 3837.87
2.23 3859.48
2.24 3881.41
2.25 3903.65
2.26 3926.22
2.27 3949.12
2.28 3972.36
2.29 3995.94
2.3 4019.87
2.31 4044.16
2.32 4068.81
2.33 4093.83
2.34 4119.23
2.35 4145.
2.36 4171.16
2.37 4197.72
2.38 4224.67
2.39 4252.03
2.4 4279.8
2.41 4307.98
2.42 4336.59
2.43 4365.62
2.44 4395.08
2.45 4424.99
2.46 4455.33
2.47 4486.12
2.48 4517.37
2.49 4549.07
2.5 4581.24
2.51 4613.87
2.52 4646.98
2.53 4680.56
2.54 4714.63
2.55 4749.18
2.56 4784.22
2.57 4819.75
2.58 4855.78
2.59 4892.31
2.6 4929.35
2.61 4966.89
2.62 5004.95
2.63 5043.53
2.64 5082.62
2.65 5122.24
2.66 5162.38
2.67 5203.05
2.68 5244.25
2.69 5285.98
2.7 5328.25
2.71 5371.05
2.72 5414.4
2.73 5458.29
2.74 5502.72
2.75 5547.7
2.76 5593.23
2.77 5639.3
2.78 5685.93
2.79 5733.1
2.8 5780.83
2.81 5829.11
2.82 5877.95
2.83 5927.33
2.84 5977.28
2.85 6027.78
2.86 6078.83
2.87 6130.44
2.88 6182.6
2.89 6235.31
2.9 6288.58
2.91 6342.4
2.92 6396.78
2.93 6451.7
2.94 6507.17
2.95 6563.19
2.96 6619.76
2.97 6676.87
2.98 6734.53
2.99 6792.73
3. 6851.46
3.01 6910.73
3.02 6970.54
3.03 7030.87
3.04 7091.74
3.05 7153.13
3.06 7215.04
3.07 7277.48
3.08 7340.43
3.09 7403.89
3.1 7467.86
3.11 7532.33
3.12 7597.31
3.13 7662.78
3.14 7728.74
3.15 7795.19
3.16 7862.12
3.17 7929.54
3.18 7997.42
3.19 8065.77
3.2 8134.59
3.21 8203.87
3.22 8273.59
3.23 8343.77
3.24 8414.38
3.25 8485.43
3.26 8556.91
3.27 8628.81
3.28 8701.13
3.29 8773.86
3.3 8846.99
3.31 8920.52
3.32 8994.44
3.33 9068.75
3.34 9143.43
3.35 9218.48
3.36 9293.9
3.37 9369.67
3.38 9445.78
3.39 9522.24
3.4 9599.03
3.41 9676.14
3.42 9753.58
3.43 9831.32
3.44 9909.36
3.45 9987.7
3.46 10066.3
3.47 10145.2
3.48 10224.4
3.49 10303.8
3.5 10383.5
3.51 10463.4
3.52 10543.6
3.53 10624.
3.54 10704.6
3.55 10785.4
3.56 10866.4
3.57 10947.6
3.58 11029.
3.59 11110.5
3.6 11192.2
3.61 11274.1
3.62 11356.1
3.63 11438.3
3.64 11520.6
3.65 11603.
3.66 11685.5
3.67 11768.1
3.68 11850.8
3.69 11933.6
3.7 12016.4
3.71 12099.3
3.72 12182.3
3.73 12265.3
3.74 12348.3
3.75 12431.4
3.76 12514.5
3.77 12597.6
3.78 12680.7
3.79 12763.8
3.8 12846.8
3.81 12929.8
3.82 13012.8
3.83 13095.7
3.84 13178.6
3.85 13261.4
3.86 13344.2
3.87 13426.8
3.88 13509.3
3.89 13591.8
3.9 13674.1
3.91 13756.3
3.92 13838.4
3.93 13920.3
3.94 14002.1
3.95 14083.8
3.96 14165.2
3.97 14246.5
3.98 14327.6
3.99 14408.5
4. 14489.2
4.01 14569.8
4.02 14650.
4.03 14730.1
4.04 14809.9
4.05 14889.5
4.06 14968.9
4.07 15048.
4.08 15126.8
4.09 15205.3
4.1 15283.6
4.11 15361.6
4.12 15439.3
4.13 15516.6
4.14 15593.7
4.15 15670.5
4.16 15746.9
4.17 15823.
4.18 15898.8
4.19 15974.2
4.2 16049.3
4.21 16124.
4.22 16198.4
4.23 16272.4
4.24 16346.
4.25 16419.2
4.26 16492.1
4.27 16564.5
4.28 16636.6
4.29 16708.3
4.3 16779.5
4.31 16850.4
4.32 16920.8
4.33 16990.8
4.34 17060.3
4.35 17129.5
4.36 17198.2
4.37 17266.4
4.38 17334.3
4.39 17401.6
4.4 17468.5
4.41 17535.
4.42 17601.
4.43 17666.5
4.44 17731.6
4.45 17796.2
4.46 17860.3
4.47 17923.9
4.48 17987.1
4.49 18049.8
4.5 18112.
4.51 18173.7
4.52 18234.9
4.53 18295.6
4.54 18355.9
4.55 18415.6
4.56 18474.8
4.57 18533.6
4.58 18591.8
4.59 18649.6
4.6 18706.8
4.61 18763.6
4.62 18819.8
4.63 18875.5
4.64 18930.7
4.65 18985.5
4.66 19039.7
4.67 19093.4
4.68 19146.6
4.69 19199.3
4.7 19251.5
4.71 19303.1
4.72 19354.3
4.73 19405.
4.74 19455.2
4.75 19504.8
4.76 19554.
4.77 19602.7
4.78 19650.9
4.79 19698.5
4.8 19745.7
4.81 19792.4
4.82 19838.6
4.83 19884.3
4.84 19929.5
4.85 19974.3
4.86 20018.5
4.87 20062.3
4.88 20105.6
4.89 20148.4
4.9 20190.8
4.91 20232.6
4.92 20274.
4.93 20315.
4.94 20355.5
4.95 20395.5
4.96 20435.1
4.97 20474.2
4.98 20512.9
4.99 20551.2
5. 20589.
5.01 20626.3
5.02 20663.3
5.03 20699.8
5.04 20735.9
5.05 20771.6
5.06 20806.8
5.07 20841.7
5.08 20876.1
5.09 20910.2
5.1 20943.9
5.11 20977.1
5.12 21010.
5.13 21042.5
5.14 21074.7
5.15 21106.5
5.16 21137.9
5.17 21168.9
5.18 21199.6
5.19 21230.
5.2 21260.
5.21 21289.6
5.22 21319.
5.23 21348.
5.24 21376.7
5.25 21405.1
5.26 21433.2
5.27 21461.
5.28 21488.4
5.29 21515.6
5.3 21542.6
5.31 21569.2
5.32 21595.6
5.33 21621.7
5.34 21647.5
5.35 21673.1
5.36 21698.5
5.37 21723.6
5.38 21748.5
5.39 21773.2
5.4 21797.6
5.41 21821.9
5.42 21845.9
5.43 21869.7
5.44 21893.4
5.45 21916.8
5.46 21940.1
5.47 21963.2
5.48 21986.2
5.49 22009.
5.5 22031.6
5.51 22054.1
5.52 22076.5
5.53 22098.7
5.54 22120.8
5.55 22142.8
5.56 22164.7
5.57 22186.5
5.58 22208.2
5.59 22229.8
5.6 22251.3
5.61 22272.7
5.62 22294.1
5.63 22315.5
5.64 22336.7
5.65 22358.
5.66 22379.2
5.67 22400.3
5.68 22421.5
5.69 22442.6
5.7 22463.7
5.71 22484.8
5.72 22506.
5.73 22527.1
5.74 22548.3
5.75 22569.5
5.76 22590.7
5.77 22611.9
5.78 22633.3
5.79 22654.6
5.8 22676.1
5.81 22697.6
5.82 22719.2
5.83 22740.8
5.84 22762.6
5.85 22784.5
5.86 22806.4
5.87 22828.5
5.88 22850.7
5.89 22873.1
5.9 22895.5
5.91 22918.2
5.92 22940.9
5.93 22963.9
5.94 22987.
5.95 23010.2
5.96 23033.7
5.97 23057.3
5.98 23081.1
5.99 23105.1
6. 23129.4
6.01 23153.8
6.02 23178.5
6.03 23203.4
6.04 23228.5
6.05 23253.9
6.06 23279.5
6.07 23305.4
6.08 23331.6
6.09 23358.
6.1 23384.7
6.11 23411.7
6.12 23439.
6.13 23466.6
6.14 23494.5
6.15 23522.7
6.16 23551.2
6.17 23580.1
6.18 23609.3
6.19 23638.8
6.2 23668.7
6.21 23699.
6.22 23729.6
6.23 23760.6
6.24 23792.
6.25 23823.7
6.26 23855.9
6.27 23888.4
6.28 23921.4
6.29 23954.7
6.3 23988.5
6.31 24022.8
6.32 24057.4
6.33 24092.5
6.34 24128.1
6.35 24164.1
6.36 24200.5
6.37 24237.5
6.38 24274.9
6.39 24312.8
6.4 24351.2
6.41 24390.1
6.42 24429.4
6.43 24469.4
6.44 24509.8
6.45 24550.7
6.46 24592.2
6.47 24634.2
6.48 24676.8
6.49 24719.9
6.5 24763.6
6.51 24807.9
6.52 24852.7
6.53 24898.1
6.54 24944.1
6.55 24990.7
6.56 25037.9
6.57 25085.7
6.58 25134.1
6.59 25183.1
6.6 25232.8
6.61 25283.1
6.62 25334.1
6.63 25385.7
6.64 25437.9
6.65 25490.8
6.66 25544.4
6.67 25598.7
6.68 25653.6
6.69 25709.2
6.7 25765.5
6.71 25822.6
6.72 25880.3
6.73 25938.8
6.74 25997.9
6.75 26057.8
6.76 26118.5
6.77 26179.8
6.78 26241.9
6.79 26304.8
6.8 26368.4
6.81 26432.8
6.82 26498.
6.83 26564.
6.84 26630.7
6.85 26698.2
6.86 26766.5
6.87 26835.6
6.88 26905.5
6.89 26976.3
6.9 27047.8
6.91 27120.2
6.92 27193.4
6.93 27267.4
6.94 27342.3
6.95 27418.1
6.96 27494.6
6.97 27572.1
6.98 27650.4
6.99 27729.5
7. 27809.6
