-6. 28.8605
-5.95 79.5239
-5.9 59.9853
-5.85 18.1785
-5.8 44.1126
-5.75 65.4083
-5.7 43.5447
-5.65 36.6172
-5.6 38.7768
-5.55 34.9522
-5.5 55.908
-5.45 66.5755
-5.4 30.302
-5.35 21.1862
-5.3 69.5721
-5.25 81.283
-5.2 34.3817
-5.15 20.1113
-5.1 51.8931
-5.05 60.7108
-5. 45.1699
-4.95 43.4855
-4.9 39.9188
-4.85 25.6281
-4.8 40.4985
-4.75 77.953
-4.7 73.2596
-4.65 27.4231
-4.6 16.1821
-4.55 55.6504
-4.5 78.8792
-4.45 56.7141
-4.4 33.6089
-4.35 35.3085
-4.3 36.5109
-4.25 29.9209
-4.2 43.8937
-4.15 76.1661
-4.1 80.7749
-4.05 43.1607
-4. 11.7798
-3.95 27.6008
-3.9 65.3993
-3.85 76.308
-3.8 57.1658
-3.75 42.1497
-3.7 43.8762
-3.65 41.2381
-3.6 24.3973
-3.55 17.8664
-3.5 44.3309
-3.45 85.7689
-3.4 100.888
-3.35 75.1983
-3.3 36.5734
-3.25 19.3365
-3.2 26.4634
-3.15 35.212
-3.1 32.0742
-3.05 29.6483
-3. 46.8813
-2.95 80.9569
-2.9 106.142
-2.85 100.042
-2.8 66.5506
-2.75 31.1685
-2.7 15.9154
-2.65 20.8928
-2.6 29.3494
-2.55 27.8786
-2.5 20.1588
-2.45 21.9203
-2.4 44.0609
-2.35 80.8051
-2.3 113.248
-2.25 124.095
-2.2 110.563
-2.15 85.4741
-2.1 66.9875
-2.05 65.7816
-2. 78.9682
-1.95 93.83
-1.9 97.3348
-1.85 84.3574
-1.8 59.7335
-1.75 34.0638
-1.7 16.9649
-1.65 12.1529
-1.6 16.7121
-1.55 24.0135
-1.5 27.8862
-1.45 25.5685
-1.4 18.2287
-1.35 9.41297
-1.3 2.72594
-1.25 0.0810336
-1.2 1.21039
-1.15 4.32611
-1.1 7.30778
-1.05 8.72203
-1. 8.25634
-0.95 6.53736
-0.9 4.58975
-0.85 3.2768
-0.8 2.97161
-0.75 3.53342
-0.7 4.50974
-0.65 5.41216
-0.6 5.92773
-0.55 5.99647
-0.5 5.76221
-0.45 5.45444
-0.4 5.26994
-0.35 5.30257
-0.3 5.5353
-0.25 5.87945
-0.2 6.23116
-0.15 6.51743
-0.1 6.71638
-0.05 6.85124
0. 6.96831
0.05 7.11221
0.1 7.30917
0.15 7.56236
0.2 7.85778
0.25 8.17512
0.3 8.49814
0.35 8.82053
0.4 9.1463
0.45 9.48597
0.5 9.85134
0.55 10.2511
0.6 10.6891
0.65 11.165
0.7 11.6767
0.75 12.2228
0.8 12.8041
0.85 13.4238
0.9 14.0865
0.95 14.7971
1. 15.5601
1.05 16.3786
1.1 17.2544
1.15 18.1881
1.2 19.1795
1.25 20.2282
1.3 21.3337
1.35 22.4948
1.4 23.7089
1.45 24.9711
1.5 26.2738
1.55 27.6076
1.6 28.9611
1.65 30.3218
1.7 31.6752
1.75 33.0051
1.8 34.2941
1.85 35.5247
1.9 36.6803
1.95 37.7453
2. 38.7059
2.05 39.5515
2.1 40.2758
2.15 40.8777
2.2 41.3601
2.25 41.7297
2.3 41.998
2.35 42.1807
2.4 42.2961
2.45 42.3618
2.5 42.3936
2.55 42.4058
2.6 42.4111
2.65 42.4184
2.7 42.431
2.75 42.4485
2.8 42.4692
2.85 42.4915
2.9 42.5124
2.95 42.5288
3. 42.5396
3.05 42.5458
3.1 42.5483
3.15 42.5484
3.2 42.5482
3.25 42.5495
3.3 42.5515
3.35 42.5528
3.4 42.5544
3.45 42.5573
3.5 42.559
3.55 42.5581
3.6 42.5573
3.65 42.5585
3.7 42.5592
3.75 42.5584
3.8 42.5587
3.85 42.5601
3.9 42.5604
3.95 42.5597
4. 42.5598
4.05 42.5598
4.1 42.5594
4.15 42.5598
4.2 42.5599
4.25 42.5593
4.3 42.5602
4.35 42.5607
4.4 42.5593
4.45 42.5595
4.5 42.5611
4.55 42.5599
4.6 42.559
4.65 42.5608
4.7 42.5604
4.75 42.5586
4.8 42.5602
4.85 42.5608
4.9 42.5595
4.95 42.5602
5. 42.5605
5.05 42.5595
5.1 42.5598
5.15 42.5599
5.2 42.5601
5.25 42.5605
5.3 42.5594
5.35 42.5602
5.4 42.5605
5.45 42.5588
5.5 42.5607
5.55 42.5605
5.6 42.5586
5.65 42.5612
5.7 42.5603
5.75 42.5587
5.8 42.5612
5.85 42.5594
5.9 42.5595
5.95 42.5613
6. 42.5593
