-0.006 16215.3
-0.00598 17036.
-0.00596 18373.7
-0.00594 17129.4
-0.00592 16610.7
-0.0059 16389.2
-0.00588 16381.9
-0.00586 18138.7
-0.00584 17824.
-0.00582 16694.3
-0.0058 16633.6
-0.00578 16017.5
-0.00576 17225.
-0.00574 18358.5
-0.00572 17194.1
-0.0057 16848.5
-0.00568 16270.
-0.00566 16079.8
-0.00564 17912.1
-0.00562 17992.8
-0.0056 17145.6
-0.00558 16967.2
-0.00556 15826.6
-0.00554 16405.8
-0.00552 18051.2
-0.0055 17676.3
-0.00548 17502.9
-0.00546 16939.7
-0.00544 15575.7
-0.00542 16595.6
-0.0054 17760.1
-0.00538 17580.8
-0.00536 17992.6
-0.00534 17003.6
-0.00532 15566.
-0.0053 16508.
-0.00528 17197.8
-0.00526 17484.
-0.00524 18446.8
-0.00522 17368.4
-0.0052 15867.7
-0.00518 16338.4
-0.00516 16471.
-0.00514 17033.5
-0.00512 18592.3
-0.0051 17968.2
-0.00508 16601.9
-0.00506 16554.8
-0.00504 15924.7
-0.00502 16103.
-0.005 17991.8
-0.00498 18255.6
-0.00496 17520.9
-0.00494 17511.9
-0.00492 16314.3
-0.0049 15345.9
-0.00488 16656.5
-0.00486 17508.
-0.00484 17596.1
-0.00482 18488.6
-0.0048 17913.4
-0.00478 16055.4
-0.00476 15945.4
-0.00474 16301.2
-0.00472 16192.8
-0.0047 17624.2
-0.00468 18852.8
-0.00466 17881.2
-0.00464 17159.1
-0.00462 16945.8
-0.0046 15627.3
-0.00458 15407.1
-0.00456 17032.6
-0.00454 17676.5
-0.00452 17773.7
-0.0045 18681.6
-0.00448 18164.1
-0.00446 16272.5
-0.00444 15864.3
-0.00442 16110.3
-0.0044 15690.
-0.00438 16614.1
-0.00436 18474.
-0.00434 18540.1
-0.00432 17884.
-0.0043 18038.
-0.00428 17137.8
-0.00426 15371.6
-0.00424 15385.5
-0.00422 16325.8
-0.0042 16390.8
-0.00418 17167.6
-0.00416 18910.1
-0.00414 18999.6
-0.00412 17774.3
-0.0041 17472.8
-0.00408 17042.8
-0.00406 15427.9
-0.00404 14895.3
-0.00402 16074.
-0.004 16679.1
-0.00398 16866.6
-0.00396 18317.2
-0.00394 19495.
-0.00392 18652.6
-0.0039 17614.8
-0.00388 17550.8
-0.00386 16674.4
-0.00384 15001.4
-0.00382 14859.1
-0.0038 15930.
-0.00378 16196.7
-0.00376 16466.
-0.00374 18143.7
-0.00372 19494.8
-0.0037 18996.7
-0.00368 18361.4
-0.00366 18605.9
-0.00364 17940.4
-0.00362 16002.5
-0.0036 15017.8
-0.00358 15384.1
-0.00356 15242.9
-0.00354 14754.3
-0.00352 15756.
-0.0035 17633.5
-0.00348 18310.3
-0.00346 18279.2
-0.00344 19234.3
-0.00342 20256.6
-0.0034 19517.1
-0.00338 17960.
-0.00336 17459.6
-0.00334 17273.2
-0.00332 15879.3
-0.0033 14308.6
-0.00328 14279.6
-0.00326 14976.8
-0.00324 14842.4
-0.00322 14695.9
-0.0032 16024.
-0.00318 17888.
-0.00316 18519.9
-0.00314 18518.1
-0.00312 19525.5
-0.0031 20946.3
-0.00308 20910.8
-0.00306 19656.
-0.00304 19064.3
-0.00302 19284.1
-0.003 18604.8
-0.00298 16681.6
-0.00296 15231.2
-0.00294 15068.3
-0.00292 14855.1
-0.0029 13663.2
-0.00288 12681.
-0.00286 13115.5
-0.00284 14097.6
-0.00282 14238.5
-0.0028 14041.7
-0.00278 14981.1
-0.00276 16883.4
-0.00274 18114.6
-0.00272 18251.8
-0.0027 18743.9
-0.00268 20463.9
-0.00266 22190.1
-0.00264 22494.9
-0.00262 21986.
-0.0026 22328.8
-0.00258 23622.6
-0.00256 24240.7
-0.00254 23329.8
-0.00252 22096.9
-0.0025 21977.6
-0.00248 22523.8
-0.00246 22140.4
-0.00244 20468.7
-0.00242 18879.2
-0.0024 18462.6
-0.00238 18522.7
-0.00236 17672.4
-0.00234 15829.8
-0.00232 14272.7
-0.0023 13811.6
-0.00228 13725.9
-0.00226 12860.1
-0.00224 11224.6
-0.00222 9904.68
-0.0022 9536.53
-0.00218 9500.96
-0.00216 8842.26
-0.00214 7553.02
-0.00212 6507.78
-0.0021 6251.57
-0.00208 6318.96
-0.00206 5917.3
-0.00204 4971.5
-0.00202 4157.99
-0.002 3975.64
-0.00198 4123.1
-0.00196 3945.04
-0.00194 3287.35
-0.00192 2647.4
-0.0019 2492.77
-0.00188 2674.94
-0.00186 2662.28
-0.00184 2231.81
-0.00182 1720.44
-0.0018 1560.99
-0.00178 1736.13
-0.00176 1832.03
-0.00174 1577.84
-0.00172 1168.26
-0.0017 989.035
-0.00168 1127.41
-0.00166 1284.14
-0.00164 1166.18
-0.00162 845.205
-0.0016 645.567
-0.00158 730.062
-0.00156 909.652
-0.00154 895.324
-0.00152 657.182
-0.0015 445.912
-0.00148 470.209
-0.00146 643.366
-0.00144 704.357
-0.00142 545.536
-0.0014 336.395
-0.00138 302.788
-0.00136 447.938
-0.00134 558.377
-0.00132 474.301
-0.0013 282.509
-0.00128 199.845
-0.00126 302.587
-0.00124 438.521
-0.00122 421.757
-0.0012 261.333
-0.00118 143.063
-0.00116 195.818
-0.00114 335.584
-0.00112 375.269
-0.0011 257.109
-0.00108 119.375
-0.00106 120.981
-0.00104 246.027
-0.00102 328.195
-0.001 258.803
-0.00098 118.561
-0.00096 73.6121
-0.00094 169.451
-0.00092 277.969
-0.0009 258.823
-0.00088 132.06
-0.00086 49.9245
-0.00084 106.923
-0.00082 224.837
-0.0008 252.34
-0.00078 152.491
-0.00076 46.0058
-0.00074 59.8577
-0.00072 170.899
-0.0007 236.893
-0.00068 173.576
-0.00066 57.4967
-0.00064 29.2547
-0.00062 119.328
-0.0006 212.072
-0.00058 190.252
-0.00056 79.5878
-0.00054 15.2196
-0.00052 73.6931
-0.0005 179.208
-0.00048 198.849
-0.00046 107.228
-0.00044 16.721
-0.00042 37.3644
-0.0004 140.989
-0.00038 197.236
-0.00036 135.461
-0.00034 31.5516
-0.00032 13.0247
-0.0003 101.024
-0.00028 184.885
-0.00026 159.813
-0.00024 56.469
-0.00022 2.30191
-0.0002 63.357
-0.00018 162.815
-0.00016 176.679
-0.00014 87.4791
-0.00012 5.54556
-0.0001 31.9737
-0.00008 133.403
-0.00006 183.641
-0.00004 120.225
-0.00002 21.7612
0. 10.3341
0.00002 100.085
0.00004 179.688
0.00006 150.43
0.00008 48.7027
0.0001 0.982026
0.00012 66.9588
0.00014 165.304
0.00016 174.351
0.00018 83.1107
0.0002 5.26318
0.00022 38.3323
0.00024 142.412
0.00026 189.188
0.00028 121.07
0.0003 23.1835
0.00032 18.267
0.00034 114.184
0.00036 193.405
0.00038 158.452
0.0004 53.422
0.00042 10.1591
0.00044 84.7388
0.00046 186.948
0.00048 191.395
0.0005 93.4992
0.00052 16.41
0.00054 58.7526
0.00056 171.317
0.00058 216.782
0.0006 140.091
0.00062 38.2228
0.00064 41.0482
0.00066 149.517
0.00068 232.673
0.0007 189.46
0.00072 75.5591
0.00074 36.2015
0.00076 125.893
0.00078 238.663
0.0008 237.987
0.00082 127.276
0.00084 48.2365
0.00086 105.894
0.00088 236.155
0.0009 282.752
0.00092 191.461
0.00094 80.47
0.00096 95.8356
0.00098 228.562
0.001 322.181
0.00102 265.973
0.00104 135.582
0.00106 102.738
0.00108 221.491
0.0011 356.739
0.00112 349.233
0.00114 216.001
0.00116 134.388
0.00118 223.008
0.0012 389.755
0.00122 441.322
0.00124 324.743
0.00126 199.789
0.00128 244.18
0.0013 428.514
0.00132 545.538
0.00134 466.908
0.00136 310.316
0.00138 300.194
0.0014 485.92
0.00142 670.722
0.00144 652.216
0.00146 482.01
0.00148 412.578
0.0015 583.239
0.00152 834.881
0.00154 899.185
0.00156 739.749
0.00158 613.309
0.0016 754.768
0.00162 1070.99
0.00164 1241.92
0.00166 1124.33
0.00168 951.932
0.0017 1055.61
0.00172 1436.22
0.00174 1740.72
0.00176 1703.68
0.00178 1506.86
0.0018 1573.63
0.00182 2025.52
0.00184 2497.32
0.00186 2588.53
0.00188 2400.76
0.0019 2445.21
0.00192 2988.64
0.00194 3672.6
0.00196 3949.13
0.00198 3815.16
0.002 3868.32
0.00202 4542.1
0.00204 5495.72
0.00206 6018.52
0.00208 5986.71
0.0021 6092.29
0.00212 6951.4
0.00214 8234.22
0.00216 9046.23
0.00218 9144.02
0.0022 9338.67
0.00222 10431.7
0.00224 12066.7
0.00226 13139.4
0.00228 13321.1
0.0023 13588.7
0.00232 14901.9
0.00234 16794.5
0.00236 17938.2
0.00238 18012.3
0.0024 18223.2
0.00242 19599.7
0.00244 21436.8
0.00246 22223.4
0.00248 21828.9
0.0025 21733.9
0.00252 22845.4
0.00254 24083.5
0.00256 23934.6
0.00258 22723.9
0.0026 22139.6
0.00262 22653.3
0.00264 22786.8
0.00266 21417.7
0.00268 19554.8
0.0027 18766.2
0.00272 18733.
0.00274 17855.3
0.00276 15933.6
0.00278 14538.4
0.0028 14454.4
0.00282 14466.2
0.00284 13532.5
0.00286 12640.7
0.00288 13123.
0.0029 14325.6
0.00292 14739.4
0.00294 14665.7
0.00296 15660.5
0.00298 17634.7
0.003 18809.8
0.00302 18761.1
0.00304 19107.5
0.00306 20472.3
0.00308 21180.8
0.0031 20193.5
0.00312 18993.9
0.00314 18898.4
0.00316 18710.3
0.00318 17112.6
0.0032 15326.4
0.00322 14970.7
0.00324 15178.4
0.00326 14509.6
0.00328 13927.8
0.0033 14945.1
0.00332 16540.
0.00334 17028.9
0.00336 17261.5
0.00338 18686.6
0.0034 20092.9
0.00342 19728.4
0.00344 18679.7
0.00346 18624.9
0.00348 18476.4
0.0035 16836.3
0.00352 15201.4
0.00354 15172.
0.00356 15440.4
0.00358 14881.9
0.0036 15106.2
0.00362 16892.9
0.00364 18180.8
0.00366 18137.3
0.00368 18582.3
0.0037 19617.8
0.00372 19102.6
0.00374 17318.8
0.00376 16559.3
0.00378 16446.3
0.0038 15349.2
0.00382 14590.4
0.00384 15732.9
0.00386 17016.6
0.00388 17170.6
0.0039 17911.3
0.00392 19350.3
0.00394 19125.6
0.00396 17595.2
0.00398 17063.1
0.004 16771.2
0.00402 15381.7
0.00404 14857.6
0.00406 16187.7
0.00408 17071.
0.0041 17200.1
0.00412 18385.2
0.00414 19320.6
0.00416 18146.1
0.00418 16864.
0.0042 16742.2
0.00422 15934.4
0.00424 14989.5
0.00426 16068.1
0.00428 17535.9
0.0043 17641.3
0.00432 18164.
0.00434 18965.2
0.00436 17774.7
0.00438 16131.4
0.0044 16107.4
0.00442 15955.4
0.00444 15575.5
0.00446 17026.7
0.00448 18527.8
0.0045 18121.4
0.00452 17875.6
0.00454 17868.6
0.00456 16280.3
0.00458 15272.6
0.0046 16274.4
0.00462 16806.
0.00464 17132.9
0.00466 18581.4
0.00468 18584.3
0.0047 16918.7
0.00472 16461.1
0.00474 16244.6
0.00476 15541.7
0.00478 16731.1
0.0048 18314.
0.00482 17950.9
0.00484 17743.6
0.00486 17571.8
0.00488 15907.8
0.0049 15548.1
0.00492 16888.2
0.00494 17210.9
0.00496 17779.6
0.00498 18614.3
0.005 17217.7
0.00502 15935.1
0.00504 16343.
0.00506 16233.
0.00508 16921.9
0.0051 18571.4
0.00512 17975.
0.00514 16820.5
0.00516 16716.6
0.00518 15842.8
0.0052 16184.7
0.00522 18026.9
0.00524 17966.5
0.00526 17467.
0.00528 17310.4
0.0053 15844.
0.00532 15927.6
0.00534 17524.1
0.00536 17601.7
0.00538 17859.3
0.0054 17672.1
0.00542 15888.8
0.00544 16060.9
0.00546 17157.1
0.00548 17279.5
0.0055 18187.1
0.00552 17624.1
0.00554 15905.
0.00556 16376.3
0.00558 16819.5
0.0056 17299.2
0.00562 18431.
0.00564 17158.7
0.00566 16055.6
0.00568 16587.7
0.0057 16576.5
0.00572 17795.6
0.00574 18258.3
0.00576 16561.
0.00578 16399.8
0.0058 16462.8
0.00582 16850.7
0.00584 18374.9
0.00586 17436.6
0.00588 16361.6
0.0059 16560.7
0.00592 16367.9
0.00594 17825.7
0.00596 18098.2
0.00598 16558.4
0.006 16573.1
