-7. 248487.
-6.99 229110.
-6.98 216584.
-6.97 212911.
-6.96 218589.
-6.95 232554.
-6.94 252383.
-6.93 274729.
-6.92 295884.
-6.91 312388.
-6.9 321596.
-6.89 322097.
-6.88 313925.
-6.87 298521.
-6.86 278473.
-6.85 257076.
-6.84 237788.
-6.83 223663.
-6.82 216874.
-6.81 218386.
-6.8 227833.
-6.79 243592.
-6.78 263072.
-6.77 283150.
-6.76 300664.
-6.75 312914.
-6.74 318064.
-6.73 315419.
-6.72 305512.
-6.71 289987.
-6.7 271329.
-6.69 252457.
-6.68 236267.
-6.67 225182.
-6.66 220795.
-6.65 223647.
-6.64 233170.
-6.63 247801.
-6.62 265239.
-6.61 282812.
-6.6 297889.
-6.59 308268.
-6.58 312493.
-6.57 310050.
-6.56 301423.
-6.55 287998.
-6.54 271840.
-6.53 255369.
-6.52 240992.
-6.51 230756.
-6.5 226054.
-6.49 227443.
-6.48 234584.
-6.47 246318.
-6.46 260859.
-6.45 276065.
-6.44 289752.
-6.43 300011.
-6.42 305469.
-6.41 305465.
-6.4 300122.
-6.39 290313.
-6.38 277512.
-6.37 263577.
-6.36 250468.
-6.35 239973.
-6.34 233469.
-6.33 231746.
-6.32 234905.
-6.31 242377.
-6.3 253024.
-6.29 265310.
-6.28 277524.
-6.27 288014.
-6.26 295418.
-6.25 298832.
-6.24 297915.
-6.23 292914.
-6.22 284613.
-6.21 274215.
-6.2 263154.
-6.19 252901.
-6.18 244769.
-6.17 239748.
-6.16 238387.
-6.15 240732.
-6.14 246345.
-6.13 254386.
-6.12 263733.
-6.11 273134.
-6.1 281381.
-6.09 287468.
-6.08 290706.
-6.07 290796.
-6.06 287847.
-6.05 282354.
-6.04 275110.
-6.03 267088.
-6.02 259316.
-6.01 252745.
-6. 248136.
-5.99 245967.
-5.98 246383.
-5.97 249204.
-5.96 253968.
-5.95 259992.
-5.94 266472.
-5.93 272598.
-5.92 277653.
-5.91 281091.
-5.9 282590.
-5.89 282077.
-5.88 279735.
-5.87 275954.
-5.86 271271.
-5.85 266299.
-5.84 261647.
-5.83 257846.
-5.82 255279.
-5.81 254148.
-5.8 254470.
-5.79 256090.
-5.78 258706.
-5.77 261924.
-5.76 265315.
-5.75 268469.
-5.74 271040.
-5.73 272781.
-5.72 273572.
-5.71 273428.
-5.7 272478.
-5.69 270941.
-5.68 269085.
-5.67 267188.
-5.66 265492.
-5.65 264180.
-5.64 263350.
-5.63 263022.
-5.62 263142.
-5.61 263592.
-5.6 264215.
-5.59 264848.
-5.58 265345.
-5.57 265599.
-5.56 265568.
-5.55 265275.
-5.54 264808.
-5.53 264300.
-5.52 263905.
-5.51 263768.
-5.5 264000.
-5.49 264660.
-5.48 265740.
-5.47 267161.
-5.46 268780.
-5.45 270401.
-5.44 271800.
-5.43 272752.
-5.42 273062.
-5.41 272597.
-5.4 271313.
-5.39 269267.
-5.38 266617.
-5.37 263606.
-5.36 260540.
-5.35 257760.
-5.34 255600.
-5.33 254352.
-5.32 254229.
-5.31 255338.
-5.3 257661.
-5.29 261042.
-5.28 265200.
-5.27 269755.
-5.26 274265.
-5.25 278266.
-5.24 281322.
-5.23 283069.
-5.22 283264.
-5.21 281807.
-5.2 278754.
-5.19 274322.
-5.18 268883.
-5.17 262921.
-5.16 256992.
-5.15 251667.
-5.14 247485.
-5.13 244899.
-5.12 244219.
-5.11 245586.
-5.1 248952.
-5.09 254083.
-5.08 260571.
-5.07 267864.
-5.06 275318.
-5.05 282263.
-5.04 288055.
-5.03 292132.
-5.02 294072.
-5.01 293636.
-5. 290797.
-4.99 285738.
-4.98 278844.
-4.97 270675.
-4.96 261919.
-4.95 253328.
-4.94 245651.
-4.93 239574.
-4.92 235663.
-4.91 234314.
-4.9 235704.
-4.89 239781.
-4.88 246265.
-4.87 254668.
-4.86 264327.
-4.85 274460.
-4.84 284238.
-4.83 292853.
-4.82 299580.
-4.81 303834.
-4.8 305219.
-4.79 303568.
-4.78 298964.
-4.77 291725.
-4.76 282389.
-4.75 271671.
-4.74 260406.
-4.73 249478.
-4.72 239748.
-4.71 231997.
-4.7 226863.
-4.69 224792.
-4.68 225993.
-4.67 230424.
-4.66 237793.
-4.65 247582.
-4.64 259078.
-4.63 271434.
-4.62 283734.
-4.61 295065.
-4.6 304579.
-4.59 311548.
-4.58 315427.
-4.57 315893.
-4.56 312875.
-4.55 306561.
-4.54 297380.
-4.53 285971.
-4.52 273135.
-4.51 259778.
-4.5 246843.
-4.49 235253.
-4.48 225843.
-4.47 219302.
-4.46 216116.
-4.45 216538.
-4.44 220571.
-4.43 227964.
-4.42 238238.
-4.41 250713.
-4.4 264563.
-4.39 278866.
-4.38 292664.
-4.37 305029.
-4.36 315126.
-4.35 322269.
-4.34 325969.
-4.33 325967.
-4.32 322250.
-4.31 315042.
-4.3 304793.
-4.29 292147.
-4.28 277907.
-4.27 262983.
-4.26 248326.
-4.25 234869.
-4.24 223468.
-4.23 214852.
-4.22 209571.
-4.21 207964.
-4.2 210147.
-4.19 216002.
-4.18 225187.
-4.17 237154.
-4.16 251183.
-4.15 266434.
-4.14 281997.
-4.13 296945.
-4.12 310385.
-4.11 321521.
-4.1 329696.
-4.09 334430.
-4.08 335442.
-4.07 332666.
-4.06 326261.
-4.05 316597.
-4.04 304227.
-4.03 289852.
-4.02 274285.
-4.01 258408.
-4. 243118.
-3.99 229266.
-3.98 217620.
-3.97 208824.
-3.96 203365.
-3.95 201543.
-3.94 203455.
-3.93 208993.
-3.92 217860.
-3.91 229580.
-3.9 243523.
-3.89 258944.
-3.88 275030.
-3.87 290945.
-3.86 305860.
-3.85 319000.
-3.84 329685.
-3.83 337375.
-3.82 341689.
-3.81 342420.
-3.8 339542.
-3.79 333211.
-3.78 323756.
-3.77 311656.
-3.76 297519.
-3.75 282049.
-3.74 266014.
-3.73 250204.
-3.72 235384.
-3.71 222259.
-3.7 211448.
-3.69 203461.
-3.68 198667.
-3.67 197282.
-3.66 199352.
-3.65 204764.
-3.64 213250.
-3.63 224399.
-3.62 237685.
-3.61 252490.
-3.6 268140.
-3.59 283928.
-3.58 299143.
-3.57 313101.
-3.56 325188.
-3.55 334888.
-3.54 341795.
-3.53 345632.
-3.52 346251.
-3.51 343644.
-3.5 337945.
-3.49 329418.
-3.48 318449.
-3.47 305525.
-3.46 291204.
-3.45 276094.
-3.44 260822.
-3.43 246016.
-3.42 232280.
-3.41 220168.
-3.4 210160.
-3.39 202639.
-3.38 197882.
-3.37 196047.
-3.36 197181.
-3.35 201210.
-3.34 207952.
-3.33 217121.
-3.32 228337.
-3.31 241146.
-3.3 255040.
-3.29 269480.
-3.28 283917.
-3.27 297813.
-3.26 310657.
-3.25 321985.
-3.24 331394.
-3.23 338559.
-3.22 343245.
-3.21 345315.
-3.2 344729.
-3.19 341540.
-3.18 335890.
-3.17 328002.
-3.16 318184.
-3.15 306803.
-3.14 294276.
-3.13 281044.
-3.12 267567.
-3.11 254304.
-3.1 241700.
-3.09 230167.
-3.08 220070.
-3.07 211723.
-3.06 205376.
-3.05 201206.
-3.04 199313.
-3.03 199719.
-3.02 202378.
-3.01 207171.
-3. 213914.
-2.99 222359.
-2.98 232213.
-2.97 243150.
-2.96 254817.
-2.95 266843.
-2.94 278852.
-2.93 290480.
-2.92 301389.
-2.91 311269.
-2.9 319845.
-2.89 326881.
-2.88 332200.
-2.87 335681.
-2.86 337261.
-2.85 336929.
-2.84 334727.
-2.83 330754.
-2.82 325156.
-2.81 318119.
-2.8 309864.
-2.79 300640.
-2.78 290722.
-2.77 280394.
-2.76 269937.
-2.75 259626.
-2.74 249729.
-2.73 240500.
-2.72 232169.
-2.71 224930.
-2.7 218936.
-2.69 214307.
-2.68 211129.
-2.67 209450.
-2.66 209275.
-2.65 210569.
-2.64 213261.
-2.63 217249.
-2.62 222399.
-2.61 228555.
-2.6 235543.
-2.59 243178.
-2.58 251263.
-2.57 259592.
-2.56 267957.
-2.55 276161.
-2.54 284025.
-2.53 291386.
-2.52 298090.
-2.51 304001.
-2.5 309004.
-2.49 313018.
-2.48 315987.
-2.47 317884.
-2.46 318701.
-2.45 318451.
-2.44 317172.
-2.43 314923.
-2.42 311785.
-2.41 307857.
-2.4 303251.
-2.39 298082.
-2.38 292472.
-2.37 286548.
-2.36 280440.
-2.35 274281.
-2.34 268198.
-2.33 262305.
-2.32 256706.
-2.31 251492.
-2.3 246749.
-2.29 242550.
-2.28 238953.
-2.27 235998.
-2.26 233708.
-2.25 232091.
-2.24 231144.
-2.23 230854.
-2.22 231195.
-2.21 232130.
-2.2 233608.
-2.19 235568.
-2.18 237947.
-2.17 240683.
-2.16 243707.
-2.15 246947.
-2.14 250331.
-2.13 253785.
-2.12 257245.
-2.11 260650.
-2.1 263943.
-2.09 267071.
-2.08 269990.
-2.07 272663.
-2.06 275060.
-2.05 277158.
-2.04 278940.
-2.03 280403.
-2.02 281548.
-2.01 282382.
-2. 282913.
-1.99 283160.
-1.98 283146.
-1.97 282903.
-1.96 282461.
-1.95 281850.
-1.94 281099.
-1.93 280246.
-1.92 279329.
-1.91 278381.
-1.9 277431.
-1.89 276505.
-1.88 275633.
-1.87 274843.
-1.86 274153.
-1.85 273574.
-1.84 273117.
-1.83 272793.
-1.82 272610.
-1.81 272566.
-1.8 272651.
-1.79 272854.
-1.78 273164.
-1.77 273573.
-1.76 274064.
-1.75 274612.
-1.74 275189.
-1.73 275773.
-1.72 276344.
-1.71 276878.
-1.7 277349.
-1.69 277729.
-1.68 277994.
-1.67 278121.
-1.66 278093.
-1.65 277891.
-1.64 277497.
-1.63 276900.
-1.62 276088.
-1.61 275054.
-1.6 273790.
-1.59 272298.
-1.58 270584.
-1.57 268655.
-1.56 266518.
-1.55 264179.
-1.54 261654.
-1.53 258966.
-1.52 256141.
-1.51 253200.
-1.5 250164.
-1.49 247054.
-1.48 243903.
-1.47 240747.
-1.46 237619.
-1.45 234547.
-1.44 231557.
-1.43 228678.
-1.42 225946.
-1.41 223397.
-1.4 221060.
-1.39 218959.
-1.38 217117.
-1.37 215560.
-1.36 214314.
-1.35 213401.
-1.34 212842.
-1.33 212649.
-1.32 212834.
-1.31 213406.
-1.3 214376.
-1.29 215754.
-1.28 217541.
-1.27 219736.
-1.26 222333.
-1.25 225325.
-1.24 228709.
-1.23 232477.
-1.22 236615.
-1.21 241107.
-1.2 245932.
-1.19 251072.
-1.18 256509.
-1.17 262223.
-1.16 268189.
-1.15 274379.
-1.14 280766.
-1.13 287324.
-1.12 294027.
-1.11 300847.
-1.1 307754.
-1.09 314720.
-1.08 321713.
-1.07 328706.
-1.06 335670.
-1.05 342578.
-1.04 349403.
-1.03 356118.
-1.02 362694.
-1.01 369107.
-1. 375331.
-0.99 381347.
-0.98 387134.
-0.97 392671.
-0.96 397934.
-0.95 402904.
-0.94 407567.
-0.93 411913.
-0.92 415928.
-0.91 419596.
-0.9 422902.
-0.89 425839.
-0.88 428403.
-0.87 430591.
-0.86 432395.
-0.85 433806.
-0.84 434823.
-0.83 435447.
-0.82 435683.
-0.81 435531.
-0.8 434991.
-0.79 434063.
-0.78 432755.
-0.77 431077.
-0.76 429035.
-0.75 426635.
-0.74 423882.
-0.73 420787.
-0.72 417363.
-0.71 413620.
-0.7 409568.
-0.69 405217.
-0.68 400578.
-0.67 395668.
-0.66 390499.
-0.65 385082.
-0.64 379428.
-0.63 373551.
-0.62 367469.
-0.61 361195.
-0.6 354740.
-0.59 348115.
-0.58 341334.
-0.57 334415.
-0.56 327371.
-0.55 320215.
-0.54 312955.
-0.53 305604.
-0.52 298178.
-0.51 290692.
-0.5 283157.
-0.49 275580.
-0.48 267971.
-0.47 260344.
-0.46 252713.
-0.45 245090.
-0.44 237482.
-0.43 229893.
-0.42 222335.
-0.41 214821.
-0.4 207363.
-0.39 199966.
-0.38 192633.
-0.37 185373.
-0.36 178195.
-0.35 171110.
-0.34 164125.
-0.33 157241.
-0.32 150463.
-0.31 143798.
-0.3 137256.
-0.29 130841.
-0.28 124558.
-0.27 118406.
-0.26 112392.
-0.25 106522.
-0.24 100801.
-0.23 95232.9
-0.22 89817.5
-0.21 84557.4
-0.2 79457.5
-0.19 74522.6
-0.18 69755.1
-0.17 65155.7
-0.16 60725.3
-0.15 56467.
-0.14 52384.5
-0.13 48480.2
-0.12 44754.4
-0.11 41207.6
-0.1 37841.6
-0.09 34659.
-0.08 31662.
-0.07 28850.9
-0.06 26225.6
-0.05 23787.2
-0.04 21537.8
-0.03 19478.9
-0.02 17611.
-0.01 15933.8
0. 14447.7
0.01 13154.
0.02 12054.2
0.03 11148.9
0.04 10437.6
0.05 9920.21
0.06 9597.29
0.07 9469.94
0.08 9538.84
0.09 9803.84
0.1 10264.4
0.11 10920.2
0.12 11771.6
0.13 12819.1
0.14 14063.
0.15 15502.7
0.16 17137.2
0.17 18965.5
0.18 20987.6
0.19 23203.6
0.2 25613.5
0.21 28215.8
0.22 31008.3
0.23 33989.3
0.24 37158.3
0.25 40515.5
0.26 44059.9
0.27 47788.2
0.28 51696.3
0.29 55782.3
0.3 60045.9
0.31 64486.5
0.32 69100.6
0.33 73882.3
0.34 78826.5
0.35 83931.5
0.36 89196.8
0.37 94619.3
0.38 100192.
0.39 105906.
0.4 111758.
0.41 117745.
0.42 123865.
0.43 130110.
0.44 136471.
0.45 142937.
0.46 149506.
0.47 156173.
0.48 162934.
0.49 169774.
0.5 176683.
0.51 183651.
0.52 190674.
0.53 197747.
0.54 204857.
0.55 211989.
0.56 219130.
0.57 226275.
0.58 233415.
0.59 240541.
0.6 247635.
0.61 254681.
0.62 261671.
0.63 268596.
0.64 275445.
0.65 282202.
0.66 288851.
0.67 295378.
0.68 301774.
0.69 308029.
0.7 314129.
0.71 320055.
0.72 325795.
0.73 331338.
0.74 336675.
0.75 341792.
0.76 346673.
0.77 351306.
0.78 355682.
0.79 359793.
0.8 363627.
0.81 367170.
0.82 370413.
0.83 373349.
0.84 375973.
0.85 378278.
0.86 380254.
0.87 381892.
0.88 383191.
0.89 384151.
0.9 384771.
0.91 385046.
0.92 384970.
0.93 384547.
0.94 383783.
0.95 382683.
0.96 381250.
0.97 379486.
0.98 377396.
0.99 374992.
1. 372287.
1.01 369293.
1.02 366019.
1.03 362474.
1.04 358676.
1.05 354641.
1.06 350391.
1.07 345942.
1.08 341311.
1.09 336516.
1.1 331580.
1.11 326526.
1.12 321378.
1.13 316159.
1.14 310891.
1.15 305596.
1.16 300298.
1.17 295023.
1.18 289797.
1.19 284646.
1.2 279590.
1.21 274650.
1.22 269849.
1.23 265210.
1.24 260759.
1.25 256514.
1.26 252491.
1.27 248704.
1.28 245171.
1.29 241908.
1.3 238931.
1.31 236249.
1.32 233868.
1.33 231793.
1.34 230029.
1.35 228582.
1.36 227455.
1.37 226644.
1.38 226145.
1.39 225948.
1.4 226045.
1.41 226430.
1.42 227092.
1.43 228018.
1.44 229190.
1.45 230585.
1.46 232185.
1.47 233974.
1.48 235935.
1.49 238045.
1.5 240275.
1.51 242597.
1.52 244989.
1.53 247434.
1.54 249912.
1.55 252396.
1.56 254855.
1.57 257267.
1.58 259615.
1.59 261887.
1.6 264063.
1.61 266122.
1.62 268046.
1.63 269823.
1.64 271449.
1.65 272917.
1.66 274218.
1.67 275347.
1.68 276302.
1.69 277085.
1.7 277701.
1.71 278153.
1.72 278449.
1.73 278600.
1.74 278617.
1.75 278510.
1.76 278289.
1.77 277970.
1.78 277573.
1.79 277115.
1.8 276608.
1.81 276061.
1.82 275491.
1.83 274918.
1.84 274357.
1.85 273818.
1.86 273306.
1.87 272828.
1.88 272396.
1.89 272017.
1.9 271695.
1.91 271423.
1.92 271201.
1.93 271027.
1.94 270898.
1.95 270806.
1.96 270737.
1.97 270681.
1.98 270629.
1.99 270571.
2. 270492.
2.01 270374.
2.02 270204.
2.03 269973.
2.04 269672.
2.05 269292.
2.06 268819.
2.07 268247.
2.08 267574.
2.09 266802.
2.1 265934.
2.11 264974.
2.12 263929.
2.13 262812.
2.14 261639.
2.15 260425.
2.16 259194.
2.17 257969.
2.18 256778.
2.19 255645.
2.2 254594.
2.21 253654.
2.22 252855.
2.23 252229.
2.24 251798.
2.25 251584.
2.26 251601.
2.27 251866.
2.28 252394.
2.29 253195.
2.3 254267.
2.31 255604.
2.32 257190.
2.33 259007.
2.34 261034.
2.35 263245.
2.36 265606.
2.37 268072.
2.38 270593.
2.39 273118.
2.4 275599.
2.41 277985.
2.42 280225.
2.43 282259.
2.44 284033.
2.45 285497.
2.46 286609.
2.47 287335.
2.48 287644.
2.49 287515.
2.5 286933.
2.51 285889.
2.52 284391.
2.53 282461.
2.54 280134.
2.55 277452.
2.56 274461.
2.57 271215.
2.58 267782.
2.59 264243.
2.6 260687.
2.61 257197.
2.62 253853.
2.63 250739.
2.64 247938.
2.65 245534.
2.66 243597.
2.67 242189.
2.68 241358.
2.69 241140.
2.7 241556.
2.71 242608.
2.72 244287.
2.73 246567.
2.74 249407.
2.75 252742.
2.76 256488.
2.77 260553.
2.78 264839.
2.79 269241.
2.8 273640.
2.81 277909.
2.82 281924.
2.83 285571.
2.84 288742.
2.85 291340.
2.86 293276.
2.87 294481.
2.88 294910.
2.89 294534.
2.9 293348.
2.91 291370.
2.92 288647.
2.93 285251.
2.94 281272.
2.95 276817.
2.96 272010.
2.97 266996.
2.98 261931.
2.99 256970.
3. 252267.
3.01 247973.
3.02 244233.
3.03 241179.
3.04 238915.
3.05 237525.
3.06 237068.
3.07 237574.
3.08 239044.
3.09 241440.
3.1 244693.
3.11 248706.
3.12 253356.
3.13 258494.
3.14 263951.
3.15 269542.
3.16 275078.
3.17 280365.
3.18 285212.
3.19 289441.
3.2 292896.
3.21 295450.
3.22 297000.
3.23 297477.
3.24 296845.
3.25 295115.
3.26 292341.
3.27 288619.
3.28 284077.
3.29 278874.
3.3 273197.
3.31 267254.
3.32 261271.
3.33 255477.
3.34 250103.
3.35 245361.
3.36 241441.
3.37 238501.
3.38 236665.
3.39 236017.
3.4 236599.
3.41 238400.
3.42 241359.
3.43 245362.
3.44 250251.
3.45 255831.
3.46 261880.
3.47 268155.
3.48 274397.
3.49 280341.
3.5 285728.
3.51 290321.
3.52 293920.
3.53 296366.
3.54 297546.
3.55 297401.
3.56 295925.
3.57 293170.
3.58 289245.
3.59 284317.
3.6 278607.
3.61 272370.
3.62 265884.
3.63 259434.
3.64 253313.
3.65 247807.
3.66 243177.
3.67 239647.
3.68 237387.
3.69 236511.
3.7 237066.
3.71 239032.
3.72 242321.
3.73 246783.
3.74 252216.
3.75 258365.
3.76 264929.
3.77 271581.
3.78 277994.
3.79 283852.
3.8 288864.
3.81 292776.
3.82 295382.
3.83 296545.
3.84 296199.
3.85 294353.
3.86 291091.
3.87 286580.
3.88 281052.
3.89 274793.
3.9 268124.
3.91 261388.
3.92 254943.
3.93 249140.
3.94 244292.
3.95 240659.
3.96 238442.
3.97 237767.
3.98 238678.
3.99 241127.
4. 244982.
4.01 250036.
4.02 256016.
4.03 262589.
4.04 269382.
4.05 276012.
4.06 282103.
4.07 287310.
4.08 291328.
4.09 293919.
4.1 294932.
4.11 294306.
4.12 292074.
4.13 288359.
4.14 283375.
4.15 277417.
4.16 270839.
4.17 264033.
4.18 257405.
4.19 251358.
4.2 246262.
4.21 242430.
4.22 240093.
4.23 239399.
4.24 240394.
4.25 243025.
4.26 247127.
4.27 252444.
4.28 258642.
4.29 265328.
4.3 272076.
4.31 278455.
4.32 284057.
4.33 288522.
4.34 291559.
4.35 292965.
4.36 292642.
4.37 290609.
4.38 287000.
4.39 282058.
4.4 276112.
4.41 269555.
4.42 262826.
4.43 256376.
4.44 250641.
4.45 246015.
4.46 242818.
4.47 241273.
4.48 241485.
4.49 243439.
4.5 246995.
4.51 251903.
4.52 257821.
4.53 264335.
4.54 270987.
4.55 277302.
4.56 282824.
4.57 287153.
4.58 289975.
4.59 291087.
4.6 290411.
4.61 288000.
4.62 284031.
4.63 278793.
4.64 272670.
4.65 266112.
4.66 259613.
4.67 253665.
4.68 248717.
4.69 245142.
4.7 243207.
4.71 243059.
4.72 244706.
4.73 248018.
4.74 252740.
4.75 258512.
4.76 264885.
4.77 271358.
4.78 277416.
4.79 282579.
4.8 286442.
4.81 288701.
4.82 289176.
4.83 287831.
4.84 284780.
4.85 280266.
4.86 274651.
4.87 268391.
4.88 262004.
4.89 256019.
4.9 250929.
4.91 247151.
4.92 244997.
4.93 244645.
4.94 246123.
4.95 249300.
4.96 253908.
4.97 259559.
4.98 265772.
4.99 272010.
5. 277733.
5.01 282451.
5.02 285758.
5.03 287367.
5.04 287140.
5.05 285098.
5.06 281426.
5.07 276450.
5.08 270608.
5.09 264418.
5.1 258439.
5.11 253208.
5.12 249191.
5.13 246748.
5.14 246100.
5.15 247306.
5.16 250250.
5.17 254658.
5.18 260121.
5.19 266135.
5.2 272140.
5.21 277574.
5.22 281929.
5.23 284801.
5.24 285923.
5.25 285188.
5.26 282665.
5.27 278598.
5.28 273381.
5.29 267516.
5.3 261571.
5.31 256120.
5.32 251695.
5.33 248721.
5.34 247485.
5.35 248105.
5.36 250518.
5.37 254486.
5.38 259612.
5.39 265382.
5.4 271217.
5.41 276529.
5.42 280780.
5.43 283541.
5.44 284536.
5.45 283672.
5.46 281040.
5.47 276911.
5.48 271710.
5.49 265974.
5.5 260297.
5.51 255274.
5.52 251430.
5.53 249171.
5.54 248730.
5.55 250151.
5.56 253275.
5.57 257765.
5.58 263137.
5.59 268818.
5.6 274200.
5.61 278703.
5.62 281840.
5.63 283270.
5.64 282834.
5.65 280581.
5.66 276762.
5.67 271804.
5.68 266262.
5.69 260753.
5.7 255889.
5.71 252207.
5.72 250118.
5.73 249854.
5.74 251443.
5.75 254704.
5.76 259268.
5.77 264614.
5.78 270124.
5.79 275159.
5.8 279137.
5.81 281600.
5.82 282265.
5.83 281059.
5.84 278127.
5.85 273819.
5.86 268640.
5.87 263196.
5.88 258133.
5.89 254055.
5.9 251451.
5.91 250631.
5.92 251691.
5.93 254503.
5.94 258726.
5.95 263838.
5.96 269213.
5.97 274197.
5.98 278182.
5.99 280679.
6. 281380.
6.01 280201.
6.02 277290.
6.03 273010.
6.04 267891.
6.05 262580.
6.06 257751.
6.07 254013.
6.08 251836.
6.09 251496.
6.1 253037.
6.11 256260.
6.12 260744.
6.13 265912.
6.14 271099.
6.15 275633.
6.16 278921.
6.17 280534.
6.18 280263.
6.19 278147.
6.2 274461.
6.21 269693.
6.22 264478.
6.23 259511.
6.24 255454.
6.25 252847.
6.26 252042.
6.27 253151.
6.28 256020.
6.29 260259.
6.3 265290.
6.31 270427.
6.32 274965.
6.33 278279.
6.34 279914.
6.35 279647.
6.36 277516.
6.37 273813.
6.38 269055.
6.39 263907.
6.4 259092.
6.41 255286.
6.42 253030.
6.43 252647.
6.44 254193.
6.45 257445.
6.46 261938.
6.47 267025.
6.48 271973.
6.49 276067.
6.5 278714.
6.51 279534.
6.52 278407.
6.53 275496.
6.54 271224.
6.55 266216.
6.56 261209.
6.57 256943.
6.58 254055.
6.59 252978.
6.6 253877.
6.61 256619.
6.62 260792.
6.63 265764.
6.64 270782.
6.65 275085.
6.66 278020.
6.67 279141.
6.68 278276.
6.69 275558.
6.7 271401.
6.71 266441.
6.72 261440.
6.73 257176.
6.74 254316.
6.75 253311.
6.76 254321.
6.77 257193.
6.78 261479.
6.79 266499.
6.8 271453.
6.81 275554.
6.82 278147.
6.83 278817.
6.84 277455.
6.85 274279.
6.86 269802.
6.87 264740.
6.88 259910.
6.89 256096.
6.9 253925.
6.91 253756.
6.92 255620.
6.93 259218.
6.94 263963.
6.95 269069.
6.96 273685.
6.97 277039.
6.98 278570.
6.99 278017.
7. 275468.
