-0.006 17425.4
-0.00598 16633.3
-0.00596 16844.
-0.00594 17366.9
-0.00592 17063.5
-0.0059 16806.
-0.00588 17034.3
-0.00586 17107.
-0.00584 17057.7
-0.00582 17045.1
-0.0058 16879.5
-0.00578 16959.4
-0.00576 17316.3
-0.00574 17067.7
-0.00572 16585.9
-0.0057 17072.1
-0.00568 17599.8
-0.00566 16853.1
-0.00564 16364.6
-0.00562 17371.
-0.0056 17759.1
-0.00558 16526.9
-0.00556 16289.8
-0.00554 17713.4
-0.00552 17784.
-0.0055 16218.2
-0.00548 16320.
-0.00546 17994.
-0.00544 17743.3
-0.00542 15999.6
-0.0054 16372.3
-0.00538 18164.7
-0.00536 17715.
-0.00534 15896.7
-0.00532 16378.9
-0.0053 18209.7
-0.00528 17745.8
-0.00526 15918.6
-0.00524 16314.7
-0.00522 18118.7
-0.0052 17834.5
-0.00518 16076.2
-0.00516 16207.5
-0.00514 17882.9
-0.00512 17926.5
-0.0051 16371.1
-0.00508 16137.6
-0.00506 17519.1
-0.00504 17924.8
-0.00502 16759.6
-0.005 16212.
-0.00498 17113.4
-0.00496 17735.
-0.00494 17113.
-0.00492 16493.3
-0.0049 16839.2
-0.00488 17360.7
-0.00486 17236.8
-0.00484 16891.9
-0.00482 16882.7
-0.0048 16998.4
-0.00478 17012.
-0.00476 17118.7
-0.00474 17239.
-0.00472 16989.4
-0.0047 16624.1
-0.00468 16868.5
-0.00466 17525.4
-0.00464 17487.6
-0.00462 16610.9
-0.0046 16259.8
-0.00458 17173.4
-0.00456 18025.9
-0.00454 17369.4
-0.00452 16075.5
-0.0045 16181.4
-0.00448 17680.3
-0.00446 18334.8
-0.00444 17048.2
-0.00442 15664.8
-0.0044 16294.3
-0.00438 18105.
-0.00436 18458.2
-0.00434 16778.6
-0.00432 15448.3
-0.0043 16390.4
-0.00428 18303.9
-0.00426 18510.4
-0.00424 16721.4
-0.00422 15403.5
-0.0042 16337.8
-0.00418 18226.3
-0.00416 18540.7
-0.00414 16923.3
-0.00412 15545.2
-0.0041 16152.
-0.00408 17860.1
-0.00406 18466.9
-0.00404 17308.6
-0.00402 15938.7
-0.004 16011.8
-0.00398 17282.1
-0.00396 18127.5
-0.00394 17637.6
-0.00392 16563.
-0.0039 16185.8
-0.00388 16776.3
-0.00386 17494.4
-0.00384 17564.6
-0.00382 17106.7
-0.0038 16750.1
-0.00378 16782.
-0.00376 16956.1
-0.00374 17011.3
-0.00372 17037.6
-0.0037 17207.1
-0.00368 17368.6
-0.00366 17181.7
-0.00364 16662.1
-0.00362 16350.5
-0.0036 16743.2
-0.00358 17603.1
-0.00356 18050.8
-0.00354 17478.7
-0.00352 16315.9
-0.0035 15722.4
-0.00348 16420.9
-0.00346 17865.4
-0.00344 18675.3
-0.00342 17976.3
-0.0034 16321.9
-0.00338 15241.8
-0.00336 15809.
-0.00334 17593.
-0.00332 19010.8
-0.0033 18761.2
-0.00328 17014.8
-0.00326 15276.6
-0.00324 15058.7
-0.00322 16564.4
-0.0032 18530.2
-0.00318 19322.3
-0.00316 18306.7
-0.00314 16335.3
-0.00312 14996.9
-0.0031 15315.2
-0.00308 16976.1
-0.00306 18654.6
-0.00304 19096.4
-0.00302 18055.5
-0.003 16390.5
-0.00298 15333.
-0.00296 15561.5
-0.00294 16781.4
-0.00292 18051.6
-0.0029 18521.4
-0.00288 17999.2
-0.00286 16976.8
-0.00284 16182.4
-0.00282 16052.8
-0.0028 16506.
-0.00278 17114.1
-0.00276 17475.
-0.00274 17478.3
-0.00272 17295.2
-0.0027 17157.9
-0.00268 17142.4
-0.00266 17129.1
-0.00264 16955.
-0.00262 16608.7
-0.0026 16298.
-0.00258 16319.2
-0.00256 16821.9
-0.00254 17643.1
-0.00252 18347.8
-0.0025 18470.3
-0.00248 17812.7
-0.00246 16611.5
-0.00244 15454.2
-0.00242 14981.1
-0.0024 15532.6
-0.00238 16940.
-0.00236 18579.3
-0.00234 19666.6
-0.00232 19643.1
-0.0023 18456.2
-0.00228 16596.9
-0.00226 14878.3
-0.00224 14066.7
-0.00222 14538.7
-0.0022 16120.
-0.00218 18169.6
-0.00216 19860.1
-0.00214 20523.9
-0.00212 19916.2
-0.0021 18292.4
-0.00208 16283.1
-0.00206 14632.4
-0.00204 13912.8
-0.00202 14328.7
-0.002 15672.8
-0.00198 17434.7
-0.00196 19007.
-0.00194 19901.1
-0.00192 19898.
-0.0019 19088.
-0.00188 17802.5
-0.00186 16474.3
-0.00184 15486.2
-0.00182 15058.6
-0.0018 15207.5
-0.00178 15776.
-0.00176 16516.2
-0.00174 17185.8
-0.00172 17625.6
-0.0017 17794.5
-0.00168 17758.4
-0.00166 17642.3
-0.00164 17570.3
-0.00162 17612.5
-0.0016 17759.3
-0.00158 17927.4
-0.00156 17992.6
-0.00154 17837.9
-0.00152 17399.5
-0.0015 16696.7
-0.00148 15837.1
-0.00146 14995.8
-0.00144 14376.1
-0.00142 14160.4
-0.0014 14465.9
-0.00138 15313.5
-0.00136 16618.7
-0.00134 18203.9
-0.00132 19829.9
-0.0013 21238.4
-0.00128 22197.4
-0.00126 22540.5
-0.00124 22192.7
-0.00122 21181.
-0.0012 19626.8
-0.00118 17725.2
-0.00116 15713.9
-0.00114 13838.9
-0.00112 12320.8
-0.0011 11328.9
-0.00108 10963.2
-0.00106 11248.
-0.00104 12135.3
-0.00102 13516.7
-0.001 15241.4
-0.00098 17136.8
-0.00096 19029.
-0.00094 20760.6
-0.00092 22205.3
-0.0009 23275.7
-0.00088 23927.3
-0.00086 24156.7
-0.00084 23996.5
-0.00082 23507.1
-0.0008 22767.2
-0.00078 21864.1
-0.00076 20885.1
-0.00074 19909.
-0.00072 19001.7
-0.0007 18211.7
-0.00068 17569.2
-0.00066 17086.
-0.00064 16757.5
-0.00062 16565.4
-0.0006 16481.2
-0.00058 16469.4
-0.00056 16491.6
-0.00054 16509.2
-0.00052 16486.7
-0.0005 16392.9
-0.00048 16203.2
-0.00046 15899.8
-0.00044 15472.5
-0.00042 14917.9
-0.0004 14239.3
-0.00038 13445.7
-0.00036 12550.8
-0.00034 11572.1
-0.00032 10529.4
-0.0003 9444.48
-0.00028 8339.4
-0.00026 7236.29
-0.00024 6156.45
-0.00022 5119.82
-0.0002 4144.66
-0.00018 3247.2
-0.00016 2441.5
-0.00014 1739.37
-0.00012 1150.34
-0.0001 681.678
-0.00008 338.478
-0.00006 123.719
-0.00004 38.3666
-0.00002 81.4627
0. 250.206
0.00002 540.025
0.00004 944.645
0.00006 1456.14
0.00008 2064.98
0.0001 2760.12
0.00012 3529.
0.00014 4357.73
0.00016 5231.14
0.00018 6133.03
0.0002 7046.32
0.00022 7953.46
0.00024 8836.76
0.00026 9678.87
0.00028 10463.4
0.0003 11175.4
0.00032 11802.4
0.00034 12334.8
0.00036 12766.8
0.00038 13097.4
0.0004 13330.4
0.00042 13475.5
0.00044 13548.4
0.00046 13570.3
0.00048 13568.3
0.0005 13573.8
0.00052 13621.5
0.00054 13747.3
0.00056 13986.3
0.00058 14369.8
0.0006 14922.2
0.00062 15658.2
0.00064 16579.8
0.00066 17673.4
0.00068 18908.6
0.0007 20237.6
0.00072 21595.9
0.00074 22904.8
0.00076 24076.1
0.00078 25017.9
0.0008 25642.2
0.00082 25873.6
0.00084 25658.2
0.00086 24971.9
0.00088 23826.7
0.0009 22275.2
0.00092 20410.4
0.00094 18362.
0.00096 16287.1
0.00098 14357.5
0.001 12742.8
0.00102 11591.9
0.00104 11014.3
0.00106 11064.7
0.00108 11732.2
0.0011 12937.4
0.00112 14537.6
0.00114 16342.1
0.00116 18134.2
0.00118 19700.
0.0012 20857.6
0.00122 21483.5
0.00124 21531.8
0.00126 21040.5
0.00128 20125.5
0.0013 18959.5
0.00132 17741.5
0.00134 16660.6
0.00136 15861.5
0.00138 15419.7
0.0014 15330.9
0.00142 15519.5
0.00144 15862.7
0.00146 16226.6
0.00148 16504.2
0.0015 16645.6
0.00152 16670.5
0.00154 16658.7
0.00156 16719.4
0.00158 16946.9
0.0016 17376.7
0.00162 17957.
0.00164 18548.3
0.00166 18955.3
0.00168 18987.3
0.0017 18529.4
0.00172 17602.1
0.00174 16384.4
0.00176 15186.9
0.00178 14372.3
0.0018 14243.2
0.00182 14930.2
0.00184 16320.9
0.00186 18061.8
0.00188 19644.3
0.0019 20558.4
0.00192 20466.9
0.00194 19340.6
0.00196 17498.8
0.00198 15527.5
0.002 14091.9
0.00202 13701.2
0.00204 14512.1
0.00206 16250.2
0.00208 18291.9
0.0021 19887.1
0.00212 20445.5
0.00214 19771.8
0.00216 18151.1
0.00218 16240.1
0.0022 14799.4
0.00222 14377.7
0.00224 15083.3
0.00226 16547.9
0.00228 18100.6
0.0023 19075.6
0.00232 19109.8
0.00234 18289.
0.00236 17075.
0.00238 16056.3
0.0024 15653.6
0.00242 15934.1
0.00244 16625.7
0.00246 17308.8
0.00248 17664.4
0.0025 17630.7
0.00252 17381.
0.00254 17155.6
0.00256 17074.9
0.00258 17069.
0.0026 16973.5
0.00262 16713.
0.00264 16419.4
0.00266 16369.3
0.00268 16760.9
0.0027 17494.3
0.00272 18147.5
0.00274 18220.6
0.00276 17513.
0.00278 16357.5
0.0028 15489.9
0.00282 15577.3
0.00284 16704.
0.00286 18209.
0.00288 19064.3
0.0029 18591.6
0.00292 17014.5
0.00294 15395.4
0.00296 14920.5
0.00298 16011.5
0.003 17938.
0.00302 19291.6
0.00304 19029.2
0.00306 17308.5
0.00308 15425.
0.0031 14837.3
0.00312 16010.2
0.00314 18012.8
0.00316 19242.9
0.00318 18725.8
0.0032 16920.2
0.00322 15335.4
0.00324 15260.7
0.00326 16682.3
0.00328 18328.6
0.0033 18800.1
0.00332 17782.6
0.00334 16262.9
0.00336 15584.4
0.00338 16236.4
0.0034 17492.
0.00342 18177.5
0.00344 17780.3
0.00346 16829.5
0.00348 16258.6
0.0035 16477.
0.00352 17089.8
0.00354 17449.1
0.00356 17340.7
0.00358 17065.4
0.0036 16946.7
0.00362 16951.6
0.00364 16877.6
0.00366 16767.1
0.00368 16902.7
0.0037 17331.1
0.00372 17605.3
0.00374 17253.1
0.00376 16492.9
0.00378 16188.8
0.0038 16864.3
0.00382 17895.3
0.00384 18053.8
0.00386 16987.2
0.00388 15848.
0.0039 16061.7
0.00392 17527.1
0.00394 18534.4
0.00396 17770.5
0.00398 16060.2
0.004 15513.7
0.00402 16903.6
0.00404 18552.
0.00406 18348.8
0.00408 16491.4
0.0041 15348.9
0.00412 16428.7
0.00414 18342.7
0.00416 18571.4
0.00418 16813.6
0.0042 15425.8
0.00422 16256.8
0.00424 18136.9
0.00426 18494.1
0.00428 16900.
0.0043 15611.4
0.00432 16369.8
0.00434 18003.7
0.00436 18198.7
0.00438 16799.1
0.0044 15884.4
0.00442 16669.4
0.00444 17864.9
0.00446 17754.2
0.00448 16676.9
0.0045 16280.2
0.00452 16984.1
0.00454 17590.
0.00456 17295.3
0.00458 16744.2
0.0046 16743.3
0.00462 17072.2
0.00464 17168.
0.00466 17085.6
0.00468 17082.4
0.0047 17001.8
0.00472 16789.5
0.00474 16888.
0.00476 17352.
0.00478 17391.9
0.0048 16726.5
0.00482 16431.7
0.00484 17202.9
0.00486 17824.5
0.00488 17075.4
0.0049 16123.9
0.00492 16742.
0.00494 17993.3
0.00496 17602.2
0.00498 16124.4
0.005 16240.9
0.00502 17872.5
0.00504 18055.5
0.00506 16352.1
0.00508 15886.2
0.0051 17601.5
0.00512 18320.
0.00514 16643.
0.00516 15722.9
0.00518 17334.1
0.0052 18400.9
0.00522 16868.6
0.00524 15712.7
0.00526 17163.5
0.00528 18349.8
0.0053 16971.1
0.00532 15804.2
0.00534 17115.6
0.00536 18209.9
0.00538 16953.8
0.0054 15969.5
0.00542 17165.
0.00544 17997.7
0.00546 16864.8
0.00548 16203.6
0.0055 17248.9
0.00552 17718.6
0.00554 16783.8
0.00556 16497.2
0.00558 17280.4
0.0056 17401.7
0.00562 16802.3
0.00564 16796.7
0.00566 17180.2
0.00568 17135.3
0.0057 16974.7
0.00572 16983.
0.00574 16941.7
0.00576 17061.
0.00578 17241.8
0.0058 16916.9
0.00582 16704.4
0.00584 17279.4
0.00586 17385.6
0.00588 16582.
0.0059 16737.5
0.00592 17676.5
0.00594 17138.2
0.00596 16245.1
0.00598 17222.5
0.006 17842.3
