-7. 135205.
-6.98 145128.
-6.96 129194.
-6.94 120878.
-6.92 139687.
-6.9 146189.
-6.88 125016.
-6.86 120606.
-6.84 143911.
-6.82 146392.
-6.8 121419.
-6.78 120840.
-6.76 147373.
-6.74 146487.
-6.72 118725.
-6.7 120828.
-6.68 149847.
-6.66 147149.
-6.64 117090.
-6.62 119975.
-6.6 151161.
-6.58 148838.
-6.56 116722.
-6.54 117958.
-6.52 151007.
-6.5 151683.
-6.48 118029.
-6.46 114841.
-6.44 148851.
-6.42 155358.
-6.4 121612.
-6.38 111231.
-6.36 144063.
-6.34 158910.
-6.32 128009.
-6.3 108442.
-6.28 136308.
-6.26 160647.
-6.24 137170.
-6.22 108472.
-6.2 126186.
-6.18 158381.
-6.16 147754.
-6.14 113454.
-6.12 115911.
-6.1 150360.
-6.08 156622.
-6.06 124346.
-6.04 109439.
-6.02 136870.
-6. 159332.
-5.98 139209.
-5.96 111121.
-5.94 121774.
-5.92 152434.
-5.9 152297.
-5.88 122584.
-5.86 112246.
-5.84 137037.
-5.82 156014.
-5.8 139402.
-5.78 114856.
-5.76 120923.
-5.74 146566.
-5.72 151301.
-5.7 129082.
-5.68 115094.
-5.66 129707.
-5.64 149138.
-5.62 144304.
-5.6 124114.
-5.58 119077.
-5.56 135042.
-5.54 147225.
-5.52 138759.
-5.5 123644.
-5.48 123501.
-5.46 136632.
-5.44 143454.
-5.42 135711.
-5.4 125883.
-5.38 127073.
-5.36 135619.
-5.34 139196.
-5.32 134568.
-5.3 129505.
-5.28 130016.
-5.26 133397.
-5.24 134731.
-5.22 134011.
-5.2 133668.
-5.18 133327.
-5.16 131420.
-5.14 129925.
-5.12 132454.
-5.1 137413.
-5.08 137975.
-5.06 131460.
-5.04 125214.
-5.02 128421.
-5. 138966.
-4.98 143914.
-4.96 135477.
-4.94 122603.
-4.92 121621.
-4.9 135645.
-4.88 148772.
-4.86 144310.
-4.84 125866.
-4.82 114862.
-4.8 125647.
-4.78 147285.
-4.76 154834.
-4.74 138229.
-4.72 115205.
-4.7 112233.
-4.68 134246.
-4.66 157811.
-4.64 156422.
-4.62 130272.
-4.6 107169.
-4.58 112828.
-4.56 142603.
-4.54 165520.
-4.52 156819.
-4.5 124537.
-4.48 101813.
-4.46 112794.
-4.44 147406.
-4.42 171081.
-4.4 159585.
-4.38 123571.
-4.36 98342.2
-4.34 109152.
-4.32 146332.
-4.3 174517.
-4.28 166586.
-4.26 129528.
-4.24 97872.1
-4.22 101295.
-4.2 137139.
-4.18 173014.
-4.16 176455.
-4.14 144188.
-4.12 104758.
-4.1 92924.5
-4.08 119146.
-4.06 160871.
-4.04 182431.
-4.02 165621.
-4. 124690.
-3.98 93772.8
-3.96 98273.3
-3.94 134286.
-3.92 172509.
-3.9 182427.
-3.88 156524.
-3.86 115539.
-3.84 91409.2
-3.82 102343.
-3.8 139427.
-3.78 174310.
-3.76 181120.
-3.74 155447.
-3.72 116694.
-3.7 93035.9
-3.68 100857.
-3.66 133718.
-3.64 167938.
-3.62 179864.
-3.6 162080.
-3.58 127565.
-3.56 99876.6
-3.54 96924.4
-3.52 119553.
-3.5 152032.
-3.48 173195.
-3.46 170199.
-3.44 146049.
-3.42 116607.
-3.4 99969.2
-3.38 105325.
-3.36 128123.
-3.34 153875.
-3.32 167424.
-3.3 161800.
-3.28 141473.
-3.26 118796.
-3.24 106369.
-3.22 110035.
-3.2 126392.
-3.18 145574.
-3.16 157236.
-3.14 156065.
-3.12 143955.
-3.1 128163.
-3.08 116901.
-3.06 115064.
-3.04 122234.
-3.02 133666.
-3. 143287.
-2.98 146889.
-2.96 143862.
-2.94 136855.
-2.92 129862.
-2.9 126016.
-2.88 126198.
-2.86 129101.
-2.84 132390.
-2.82 134202.
-2.8 134122.
-2.78 133131.
-2.76 132778.
-2.74 134028.
-2.72 136582.
-2.7 138942.
-2.68 139254.
-2.66 136413.
-2.64 130841.
-2.62 124551.
-2.6 120356.
-2.58 120645.
-2.56 126210.
-2.54 135703.
-2.52 145971.
-2.5 153170.
-2.48 154229.
-2.46 148093.
-2.44 136251.
-2.42 122359.
-2.4 111041.
-2.38 106348.
-2.36 110342.
-2.34 122369.
-2.32 139174.
-2.3 155886.
-2.28 167491.
-2.26 170353.
-2.24 163320.
-2.22 148051.
-2.2 128572.
-2.18 110116.
-2.16 97709.9
-2.14 94796.5
-2.12 102373.
-2.1 118752.
-2.08 140054.
-2.06 161210.
-2.04 177226.
-2.02 184369.
-2. 181001.
-1.98 167883.
-1.96 147916.
-1.94 125421.
-1.92 105154.
-1.9 91275.2
-1.88 86530.8
-1.86 91752.5
-1.84 105808.
-1.82 125911.
-1.8 148261.
-1.78 168793.
-1.76 183954.
-1.74 191278.
-1.72 189772.
-1.7 179953.
-1.68 163679.
-1.66 143723.
-1.64 123277.
-1.62 105403.
-1.6 92586.1
-1.58 86405.
-1.56 87382.3
-1.54 95006.7
-1.52 107898.
-1.5 124086.
-1.48 141328.
-1.46 157438.
-1.44 170560.
-1.42 179364.
-1.4 183160.
-1.38 181899.
-1.36 176112.
-1.34 166772.
-1.32 155133.
-1.3 142550.
-1.28 130318.
-1.26 119538.
-1.24 111028.
-1.22 105269.
-1.2 102418.
-1.18 102318.
-1.16 104582.
-1.14 108646.
-1.12 113875.
-1.1 119614.
-1.08 125278.
-1.06 130383.
-1.04 134591.
-1.02 137711.
-1. 139705.
-0.98 140663.
-0.96 140782.
-0.94 140328.
-0.92 139608.
-0.9 138929.
-0.88 138578.
-0.86 138791.
-0.84 139743.
-0.82 141537.
-0.8 144201.
-0.78 147691.
-0.76 151900.
-0.74 156669.
-0.72 161802.
-0.7 167075.
-0.68 172258.
-0.66 177117.
-0.64 181441.
-0.62 185029.
-0.6 187726.
-0.58 189394.
-0.56 189947.
-0.54 189323.
-0.52 187508.
-0.5 184510.
-0.48 180377.
-0.46 175175.
-0.44 168996.
-0.42 161946.
-0.4 154143.
-0.38 145714.
-0.36 136789.
-0.34 127497.
-0.32 117967.
-0.3 108320.
-0.28 98674.4
-0.26 89135.6
-0.24 79806.1
-0.22 70772.5
-0.2 62118.4
-0.18 53912.7
-0.16 46219.3
-0.14 39091.6
-0.12 32575.3
-0.1 26710.6
-0.08 21528.1
-0.06 17056.6
-0.04 13315.4
-0.02 10323.1
0. 8090.84
0.02 6628.04
0.04 5939.33
0.06 6025.97
0.08 6885.99
0.1 8512.99
0.12 10897.3
0.14 14024.3
0.16 17875.2
0.18 22425.1
0.2 27644.2
0.22 33495.2
0.24 39935.4
0.26 46912.
0.28 54367.3
0.3 62232.5
0.32 70432.4
0.34 78882.8
0.36 87490.3
0.38 96157.9
0.4 104776.
0.42 113240.
0.44 121430.
0.46 129238.
0.48 136548.
0.5 143256.
0.52 149263.
0.54 154481.
0.56 158843.
0.58 162292.
0.6 164803.
0.62 166366.
0.64 167005.
0.66 166767.
0.68 165728.
0.7 163987.
0.72 161668.
0.74 158911.
0.76 155868.
0.78 152694.
0.8 149541.
0.82 146550.
0.84 143835.
0.86 141489.
0.88 139559.
0.9 138061.
0.92 136962.
0.94 136196.
0.96 135659.
0.98 135221.
1. 134747.
1.02 134100.
1.04 133168.
1.06 131874.
1.08 130196.
1.1 128177.
1.12 125924.
1.14 123615.
1.16 121479.
1.18 119784.
1.2 118802.
1.22 118779.
1.24 119897.
1.26 122242.
1.28 125772.
1.3 130301.
1.32 135501.
1.34 140912.
1.36 145988.
1.38 150147.
1.4 152840.
1.42 153637.
1.44 152282.
1.46 148771.
1.48 143368.
1.5 136613.
1.52 129279.
1.54 122282.
1.56 116580.
1.58 113021.
1.6 112218.
1.62 114424.
1.64 119459.
1.66 126699.
1.68 135130.
1.7 143486.
1.72 150430.
1.74 154780.
1.76 155726.
1.78 152998.
1.8 146966.
1.82 138607.
1.84 129377.
1.86 120964.
1.88 114973.
1.9 112611.
1.92 114408.
1.94 120080.
1.96 128526.
1.98 138021.
2. 146560.
2.02 152270.
2.04 153854.
2.06 150909.
2.08 144063.
2.1 134882.
2.12 125532.
2.14 118277.
2.16 114918.
2.18 116314.
2.2 122123.
2.22 130840.
2.24 140157.
2.26 147558.
2.28 151006.
2.3 149536.
2.32 143563.
2.34 134811.
2.36 125850.
2.38 119347.
2.4 117264.
2.42 120223.
2.44 127272.
2.46 136150.
2.48 143973.
2.5 148175.
2.52 147372.
2.54 141859.
2.56 133557.
2.58 125378.
2.6 120215.
2.62 119901.
2.64 124514.
2.66 132303.
2.68 140314.
2.7 145485.
2.72 145830.
2.74 141249.
2.76 133597.
2.78 125988.
2.8 121536.
2.82 122065.
2.84 127313.
2.86 135000.
2.88 141777.
2.9 144669.
2.92 142413.
2.94 136056.
2.96 128527.
2.98 123320.
3. 122866.
3.02 127352.
3.04 134590.
3.06 141030.
3.08 143486.
3.1 140740.
3.12 134202.
3.14 127239.
3.16 123477.
3.18 124892.
3.2 130718.
3.22 137801.
3.24 142265.
3.26 141633.
3.28 136257.
3.3 129180.
3.32 124461.
3.34 124846.
3.36 130122.
3.38 137165.
3.4 141742.
3.42 141053.
3.44 135495.
3.46 128504.
3.48 124475.
3.5 125995.
3.52 132125.
3.54 138902.
3.56 141867.
3.58 139010.
3.6 132200.
3.62 126035.
3.64 124766.
3.66 129324.
3.68 136572.
3.7 141392.
3.72 140293.
3.74 133999.
3.76 127056.
3.78 124595.
3.8 128518.
3.82 135951.
3.84 141272.
3.86 140348.
3.88 133807.
3.9 126703.
3.92 124667.
3.94 129410.
3.96 137203.
3.98 141732.
4. 139209.
4.02 131615.
4.04 125248.
4.06 125527.
4.08 132328.
4.1 139890.
4.12 141639.
4.14 135932.
4.16 127705.
4.18 124278.
4.2 128833.
4.22 137363.
4.24 142099.
4.26 138583.
4.28 129956.
4.3 124265.
4.32 126977.
4.34 135641.
4.36 141983.
4.38 139775.
4.4 131038.
4.42 124322.
4.44 126381.
4.46 135295.
4.48 142125.
4.5 139837.
4.52 130637.
4.54 123985.
4.56 126907.
4.58 136477.
4.6 142608.
4.62 138656.
4.64 128731.
4.66 123565.
4.68 128916.
4.7 139031.
4.72 142696.
4.74 135687.
4.76 125777.
4.78 124235.
4.8 132966.
4.82 142016.
4.84 140828.
4.86 130644.
4.88 123390.
4.9 127764.
4.92 138682.
4.94 143032.
4.96 135419.
4.98 125016.
5. 124642.
5.02 134903.
5.04 143088.
5.06 138840.
5.08 127391.
5.1 123295.
5.12 131925.
5.14 142254.
5.16 140820.
5.18 129359.
5.2 122914.
5.22 130132.
5.24 141502.
5.26 141727.
5.28 130371.
5.3 122829.
5.32 129527.
5.34 141348.
5.36 141870.
5.38 130237.
5.4 122744.
5.42 130084.
5.44 141920.
5.46 141266.
5.48 128941.
5.5 122787.
5.52 131887.
5.54 142969.
5.56 139606.
5.58 126682.
5.6 123522.
5.62 134994.
5.64 143791.
5.66 136432.
5.68 124098.
5.7 125836.
5.72 139062.
5.74 143162.
5.76 131601.
5.78 122567.
5.8 130478.
5.82 142791.
5.84 139693.
5.86 126086.
5.88 124075.
5.9 137046.
5.92 143723.
5.94 132989.
5.96 122616.
5.98 129998.
6. 142815.
6.02 139379.
6.04 125434.
6.06 124808.
6.08 138669.
6.1 143100.
6.12 130323.
6.14 122601.
6.16 133558.
6.18 143921.
6.2 135250.
6.22 122937.
6.24 129096.
6.26 142705.
6.28 139088.
6.3 124751.
6.32 125943.
6.34 140552.
6.36 141567.
6.38 127025.
6.4 124074.
6.42 138329.
6.44 142918.
6.46 129068.
6.48 123143.
6.5 136556.
6.52 143527.
6.54 130513.
6.56 122767.
6.58 135474.
6.6 143739.
6.62 131210.
6.64 122668.
6.66 135171.
6.68 143752.
6.7 131115.
6.72 122735.
6.74 135662.
6.76 143588.
6.78 130234.
6.8 123032.
6.82 136915.
6.84 143097.
6.86 128633.
6.88 123794.
6.9 138816.
6.92 141969.
6.94 126504.
6.96 125386.
6.98 141064.
7. 139816.
