-7. 255246.
-6.98 214148.
-6.96 212786.
-6.94 253521.
-6.92 302615.
-6.9 320689.
-6.88 306819.
-6.86 280167.
-6.84 243816.
-6.82 216628.
-6.8 221001.
-6.78 264032.
-6.76 306707.
-6.74 318557.
-6.72 297845.
-6.7 273027.
-6.68 241774.
-6.66 221251.
-6.64 226006.
-6.62 266529.
-6.6 303583.
-6.58 312905.
-6.56 293799.
-6.54 274044.
-6.52 246350.
-6.5 225748.
-6.48 227705.
-6.46 262970.
-6.44 295381.
-6.42 304374.
-6.4 293299.
-6.38 280646.
-6.36 255795.
-6.34 231033.
-6.32 229315.
-6.3 256259.
-6.28 282946.
-6.26 291588.
-6.24 293219.
-6.22 288752.
-6.2 267996.
-6.18 239243.
-6.16 235751.
-6.14 250436.
-6.12 268128.
-6.1 274357.
-6.08 290039.
-6.06 292243.
-6.04 278320.
-6.02 251015.
-6. 250344.
-5.98 250012.
-5.96 255967.
-5.94 257658.
-5.92 282448.
-5.9 285353.
-5.88 279971.
-5.86 262899.
-5.84 269070.
-5.82 256173.
-5.8 253110.
-5.78 252104.
-5.76 274189.
-5.74 269951.
-5.72 270705.
-5.7 268891.
-5.68 278069.
-5.66 262183.
-5.64 259721.
-5.62 263522.
-5.6 271197.
-5.58 260530.
-5.56 262071.
-5.54 269220.
-5.52 266998.
-5.5 258903.
-5.48 263388.
-5.46 276177.
-5.44 269834.
-5.42 269321.
-5.4 270925.
-5.38 274720.
-5.36 253815.
-5.34 254921.
-5.32 255747.
-5.3 263617.
-5.28 256136.
-5.26 277044.
-5.24 284174.
-5.22 284621.
-5.2 270950.
-5.18 274460.
-5.16 259499.
-5.14 243649.
-5.12 241666.
-5.1 254372.
-5.08 261676.
-5.06 268140.
-5.04 292121.
-5.02 296696.
-5. 289595.
-4.98 272345.
-4.96 270869.
-4.94 243169.
-4.92 233455.
-4.9 233735.
-4.88 254431.
-4.86 258552.
-4.84 282287.
-4.82 303520.
-4.8 307400.
-4.78 293290.
-4.76 282701.
-4.74 267327.
-4.72 233872.
-4.7 226392.
-4.68 227733.
-4.66 242508.
-4.64 250027.
-4.62 288592.
-4.6 306575.
-4.58 313996.
-4.56 308011.
-4.54 304241.
-4.52 272786.
-4.5 240859.
-4.48 230160.
-4.46 217810.
-4.44 218829.
-4.42 233357.
-4.4 273681.
-4.38 287927.
-4.36 313441.
-4.34 327282.
-4.32 327188.
-4.3 297780.
-4.28 279044.
-4.26 254056.
-4.24 218407.
-4.22 209114.
-4.2 212112.
-4.18 228882.
-4.16 242461.
-4.14 288281.
-4.12 311104.
-4.1 326839.
-4.08 333613.
-4.06 332245.
-4.04 301864.
-4.02 269067.
-4. 251067.
-3.98 214444.
-3.96 201985.
-3.94 202787.
-3.92 224361.
-3.9 236204.
-3.88 276327.
-3.86 310684.
-3.84 325745.
-3.82 340483.
-3.8 342280.
-3.78 326441.
-3.76 288974.
-3.74 273818.
-3.72 234250.
-3.7 208261.
-3.68 199596.
-3.66 202969.
-3.64 210562.
-3.62 233972.
-3.6 276731.
-3.58 292985.
-3.56 325255.
-3.54 344086.
-3.52 347886.
-3.5 332309.
-3.48 322053.
-3.46 294817.
-3.44 252510.
-3.42 238434.
-3.4 209769.
-3.38 196395.
-3.36 195107.
-3.34 213713.
-3.32 224988.
-3.3 251545.
-3.28 291902.
-3.26 305086.
-3.24 331551.
-3.22 344983.
-3.2 346721.
-3.18 330081.
-3.16 322342.
-3.14 297011.
-3.12 259473.
-3.1 248839.
-3.08 218537.
-3.06 203504.
-3.04 199287.
-3.02 206330.
-3. 210376.
-2.98 230169.
-2.96 262632.
-2.94 271063.
-2.92 303935.
-2.9 322347.
-2.88 329843.
-2.86 335968.
-2.84 337837.
-2.82 325743.
-2.8 303295.
-2.78 299636.
-2.76 265342.
-2.74 247466.
-2.72 237899.
-2.7 215455.
-2.68 210880.
-2.66 209938.
-2.64 216382.
-2.62 216055.
-2.6 240304.
-2.58 252830.
-2.56 260779.
-2.54 291583.
-2.52 295282.
-2.5 307289.
-2.48 318018.
-2.46 319929.
-2.44 314230.
-2.42 311942.
-2.4 308749.
-2.38 284000.
-2.36 286165.
-2.34 269344.
-2.32 250286.
-2.3 253262.
-2.28 236638.
-2.26 232596.
-2.24 231884.
-2.22 233507.
-2.2 230234.
-2.18 238165.
-2.16 249077.
-2.14 242031.
-2.12 263108.
-2.1 264556.
-2.08 264052.
-2.06 281637.
-2.04 276129.
-2.02 280631.
-2. 284330.
-1.98 284248.
-1.96 279771.
-1.94 281863.
-1.92 283417.
-1.9 269871.
-1.88 281996.
-1.86 273801.
-1.84 267017.
-1.82 281178.
-1.8 267272.
-1.78 272974.
-1.76 278025.
-1.74 271624.
-1.72 277313.
-1.7 278101.
-1.68 278520.
-1.66 274940.
-1.64 281640.
-1.62 274955.
-1.6 269630.
-1.58 278553.
-1.56 259786.
-1.54 262785.
-1.52 261471.
-1.5 242029.
-1.48 249901.
-1.46 236975.
-1.44 227828.
-1.42 230620.
-1.4 218736.
-1.38 216917.
-1.36 215065.
-1.34 213703.
-1.32 210734.
-1.3 215513.
-1.28 219846.
-1.26 216786.
-1.24 234570.
-1.22 234793.
-1.2 241747.
-1.18 264890.
-1.16 260727.
-1.14 282825.
-1.12 298720.
-1.1 299379.
-1.08 328832.
-1.06 333924.
-1.04 345520.
-1.02 369234.
-1. 370451.
-0.98 388145.
-0.96 400347.
-0.94 404323.
-0.92 417900.
-0.9 422912.
-0.88 427715.
-0.86 432344.
-0.84 436105.
-0.82 434624.
-0.8 434220.
-0.78 435929.
-0.76 425182.
-0.74 425902.
-0.72 419227.
-0.7 404337.
-0.68 406486.
-0.66 387783.
-0.64 376984.
-0.62 374099.
-0.6 347848.
-0.58 344510.
-0.56 330029.
-0.54 305994.
-0.52 305554.
-0.5 279834.
-0.48 265441.
-0.46 259604.
-0.44 230464.
-0.42 225621.
-0.4 209608.
-0.38 186490.
-0.36 184694.
-0.34 161113.
-0.32 148631.
-0.3 142613.
-0.28 119107.
-0.26 115054.
-0.24 102219.
-0.22 85609.8
-0.2 83967.3
-0.18 67610.3
-0.16 59730.6
-0.14 55603.5
-0.12 41544.1
-0.1 39461.3
-0.08 32290.7
-0.06 24224.
-0.04 23660.5
-0.02 16667.9
0. 14150.8
0.02 13043.4
0.04 9730.71
0.06 9871.95
0.08 9569.62
0.1 10491.6
0.12 11278.9
0.14 14630.5
0.16 17327.2
0.18 19731.1
0.2 27650.9
0.22 29610.
0.24 36812.1
0.26 46533.8
0.28 48343.9
0.3 62451.4
0.32 69548.3
0.34 75346.
0.36 94151.
0.38 96857.
0.4 111275.
0.42 128435.
0.44 130298.
0.46 153838.
0.48 163392.
0.5 171385.
0.52 198091.
0.54 199833.
0.56 218750.
0.58 239268.
0.6 239747.
0.62 267153.
0.64 275722.
0.66 283093.
0.68 309672.
0.7 308906.
0.72 325605.
0.74 341844.
0.76 340048.
0.78 360013.
0.8 363803.
0.82 366697.
0.84 380489.
0.86 377845.
0.88 382902.
0.9 386505.
0.92 383875.
0.94 383651.
0.96 381806.
0.98 378181.
1. 369671.
1.02 369232.
1.04 357748.
1.06 347273.
1.08 347677.
1.1 325805.
1.12 322650.
1.14 315765.
1.16 291808.
1.18 297033.
1.2 278226.
1.22 264626.
1.24 269288.
1.26 246082.
1.28 246172.
1.3 242984.
1.32 228402.
1.34 233457.
1.36 227358.
1.38 224746.
1.4 226532.
1.42 228425.
1.44 228087.
1.46 230522.
1.48 241038.
1.5 234647.
1.52 247057.
1.54 253894.
1.56 246684.
1.58 267178.
1.6 261982.
1.62 263821.
1.64 278697.
1.66 269013.
1.68 277125.
1.7 279970.
1.72 276603.
1.74 278299.
1.76 279592.
1.78 278554.
1.8 271940.
1.82 281738.
1.84 271427.
1.86 269883.
1.88 280807.
1.9 263766.
1.92 273867.
1.94 274380.
1.96 264871.
1.98 274484.
2. 270337.
2.02 269204.
2.04 268578.
2.06 272580.
2.08 264756.
2.1 263922.
2.12 271226.
2.14 253539.
2.16 262755.
2.18 259891.
2.2 248023.
2.22 257858.
2.24 251067.
2.26 250296.
2.28 251895.
2.3 257882.
2.32 253973.
2.34 259448.
2.36 272929.
2.38 262071.
2.4 279622.
2.42 282938.
2.44 278076.
2.46 290675.
2.48 287632.
2.5 285977.
2.52 282281.
2.54 285728.
2.56 270106.
2.58 266220.
2.6 268194.
2.62 245832.
2.64 251262.
2.66 245546.
2.68 238620.
2.7 241252.
2.72 246870.
2.74 249524.
2.76 250754.
2.78 273526.
2.8 268556.
2.82 280054.
2.84 294795.
2.86 289135.
2.88 294830.
2.9 294478.
2.92 291397.
2.94 274582.
2.96 277578.
2.98 262855.
3. 245572.
3.02 250969.
3.04 237046.
3.06 235687.
3.08 238429.
3.1 249782.
3.12 248033.
3.14 263655.
3.16 282019.
3.18 277310.
3.2 296055.
3.22 298574.
3.24 296121.
3.26 288667.
3.28 289384.
3.3 272749.
3.32 254949.
3.34 258310.
3.36 237907.
3.38 235342.
3.4 237321.
3.42 245406.
3.44 244677.
3.46 262512.
3.48 280801.
3.5 277826.
3.52 297108.
3.54 299086.
3.56 295816.
3.58 284280.
3.6 285082.
3.62 264950.
3.64 247502.
3.66 249859.
3.68 235799.
3.7 235448.
3.72 240702.
3.74 259494.
3.76 257793.
3.78 278567.
3.8 294149.
3.82 291448.
3.84 295008.
3.86 293324.
3.88 284474.
3.9 259472.
3.92 261800.
3.94 244294.
3.96 235403.
3.98 237953.
4. 250060.
4.02 253708.
4.04 264294.
4.06 290490.
4.08 287578.
4.1 293379.
4.12 292169.
4.14 289529.
4.16 263120.
4.18 259211.
4.2 250797.
4.22 236695.
4.24 238368.
4.26 249993.
4.28 262205.
4.3 263224.
4.32 290254.
4.34 292178.
4.36 290997.
4.38 282960.
4.4 283817.
4.42 260005.
4.44 246277.
4.46 247501.
4.48 242771.
4.5 243804.
4.52 255040.
4.54 279852.
4.56 276475.
4.58 289463.
4.6 292035.
4.62 288684.
4.64 264509.
4.66 262729.
4.68 252630.
4.7 240165.
4.72 241659.
4.74 256746.
4.76 267987.
4.78 269197.
4.8 290925.
4.82 291091.
4.84 284447.
4.86 267767.
4.88 270737.
4.9 248976.
4.92 242120.
4.94 244924.
4.96 261118.
4.98 261348.
5. 274159.
5.02 290986.
5.04 288492.
5.06 277000.
5.08 268934.
5.1 266580.
5.12 244141.
5.14 244432.
5.16 250934.
5.18 267130.
5.2 263380.
5.22 283762.
5.24 288702.
5.26 285134.
5.28 265059.
5.3 266364.
5.32 254719.
5.34 244979.
5.36 245970.
5.38 265244.
5.4 273457.
5.42 274337.
5.44 285336.
5.46 285671.
5.48 272031.
5.5 252627.
5.52 257054.
5.54 250685.
5.56 252046.
5.58 256307.
5.6 282934.
5.62 280783.
5.64 280267.
5.66 272711.
5.68 275787.
5.7 251939.
5.72 247362.
5.74 250533.
5.76 267669.
5.78 264339.
5.8 276581.
5.82 284633.
5.84 283965.
5.86 261906.
5.88 256622.
5.9 256104.
5.92 254430.
5.94 252206.
5.96 268643.
5.98 284532.
6. 280905.
6.02 271562.
6.04 268591.
6.06 264643.
6.08 248628.
6.1 248707.
6.12 262238.
6.14 278164.
6.16 273445.
6.18 277362.
6.2 276850.
6.22 270962.
6.24 248424.
6.26 250685.
6.28 258764.
6.3 271266.
6.32 266794.
6.34 279803.
6.36 280737.
6.38 274152.
6.4 250321.
6.42 254056.
6.44 257448.
6.46 266523.
6.48 262763.
6.5 280483.
6.52 281923.
6.54 275119.
6.56 251887.
6.58 256394.
6.6 257324.
6.62 264485.
6.64 261320.
6.66 280531.
6.68 281964.
6.7 274765.
6.72 252073.
6.74 256796.
6.76 257991.
6.78 265021.
6.8 262110.
6.82 280181.
6.84 281447.
6.86 273366.
6.88 250889.
6.9 255255.
6.92 259684.
6.94 268012.
6.96 265026.
6.98 278748.
7. 279896.
