-0.006 17923.7
-0.00598 16843.1
-0.00596 16212.1
-0.00594 17546.2
-0.00592 17681.5
-0.0059 16287.8
-0.00588 16642.8
-0.00586 17926.7
-0.00584 17147.1
-0.00582 16100.9
-0.0058 17206.4
-0.00578 17936.1
-0.00576 16617.
-0.00574 16238.8
-0.00572 17665.6
-0.0057 17694.9
-0.00568 16251.3
-0.00566 16544.3
-0.00564 17936.5
-0.00562 17363.9
-0.0056 16070.1
-0.00558 16874.6
-0.00556 18045.4
-0.00554 17057.6
-0.00552 16018.2
-0.0055 17146.6
-0.00548 18061.3
-0.00546 16830.
-0.00544 16024.7
-0.00542 17329.5
-0.0054 18049.5
-0.00538 16695.6
-0.00536 16033.6
-0.00534 17418.6
-0.00532 18054.2
-0.0053 16655.
-0.00528 16014.
-0.00526 17412.9
-0.00524 18093.3
-0.00522 16712.2
-0.0052 15960.9
-0.00518 17304.3
-0.00516 18157.5
-0.00514 16879.5
-0.00512 15899.2
-0.0051 17078.4
-0.00508 18205.4
-0.00506 17169.2
-0.00504 15888.3
-0.00502 16731.1
-0.005 18159.5
-0.00498 17568.6
-0.00496 16021.3
-0.00494 16302.2
-0.00492 17917.1
-0.0049 18000.4
-0.00488 16398.5
-0.00486 15915.8
-0.00484 17398.9
-0.00482 18288.9
-0.0048 17053.3
-0.00478 15794.1
-0.00476 16647.2
-0.00474 18184.7
-0.00472 17838.1
-0.0047 16176.4
-0.00468 15935.4
-0.00466 17515.5
-0.00464 18355.
-0.00462 17096.6
-0.0046 15750.
-0.00458 16457.6
-0.00456 18109.4
-0.00454 18119.7
-0.00452 16467.7
-0.0045 15700.
-0.00448 16996.6
-0.00446 18391.8
-0.00444 17779.9
-0.00442 16072.4
-0.0044 15805.4
-0.00438 17377.4
-0.00436 18492.6
-0.00434 17530.6
-0.00432 15872.8
-0.0043 15888.1
-0.00428 17559.5
-0.00426 18539.9
-0.00424 17459.9
-0.00422 15810.6
-0.0042 15855.8
-0.00418 17538.1
-0.00416 18589.4
-0.00414 17601.
-0.00412 15882.2
-0.0041 15696.
-0.00408 17288.8
-0.00406 18602.
-0.00404 17950.
-0.00402 16160.1
-0.004 15489.1
-0.00398 16778.4
-0.00396 18433.1
-0.00394 18421.4
-0.00392 16756.
-0.0039 15445.3
-0.00388 16057.9
-0.00386 17870.3
-0.00384 18756.2
-0.00382 17684.7
-0.0038 15889.8
-0.00378 15421.4
-0.00376 16810.9
-0.00374 18503.
-0.00372 18620.4
-0.0037 17033.9
-0.00368 15470.8
-0.00366 15617.3
-0.00364 17318.
-0.00362 18775.8
-0.0036 18465.2
-0.00358 16708.7
-0.00356 15309.3
-0.00354 15689.1
-0.00352 17466.6
-0.0035 18873.4
-0.00348 18524.5
-0.00346 16761.4
-0.00344 15286.2
-0.00342 15507.4
-0.0034 17215.9
-0.00338 18815.
-0.00336 18827.5
-0.00334 17243.8
-0.00332 15498.6
-0.0033 15153.9
-0.00328 16513.9
-0.00326 18387.7
-0.00324 19154.3
-0.00322 18160.2
-0.0032 16249.1
-0.00318 15021.
-0.00316 15490.4
-0.00314 17272.1
-0.00312 18926.3
-0.0031 19134.2
-0.00308 17735.3
-0.00306 15823.2
-0.00304 14871.4
-0.00302 15602.3
-0.003 17464.3
-0.00298 19074.4
-0.00296 19254.3
-0.00294 17878.2
-0.00292 15933.8
-0.0029 14795.
-0.00288 15253.4
-0.00286 16990.6
-0.00284 18825.
-0.00282 19529.
-0.0028 18641.5
-0.00278 16747.1
-0.00276 15068.4
-0.00274 14671.2
-0.00272 15800.6
-0.0027 17755.1
-0.00268 19342.5
-0.00266 19612.
-0.00264 18409.8
-0.00262 16444.1
-0.0026 14849.6
-0.00258 14530.
-0.00256 15659.6
-0.00254 17611.4
-0.00252 19324.
-0.0025 19884.3
-0.00248 19003.5
-0.00246 17145.8
-0.00244 15265.1
-0.00242 14307.7
-0.0024 14743.9
-0.00238 16355.3
-0.00236 18364.8
-0.00234 19823.4
-0.00232 20058.4
-0.0023 18970.2
-0.00228 17055.7
-0.00226 15166.
-0.00224 14122.6
-0.00222 14366.9
-0.0022 15790.
-0.00218 17798.9
-0.00216 19577.4
-0.00214 20420.
-0.00212 20004.5
-0.0021 18499.9
-0.00208 16482.
-0.00206 14702.5
-0.00204 13807.4
-0.00202 14111.1
-0.002 15499.7
-0.00198 17490.1
-0.00196 19409.
-0.00194 20624.9
-0.00192 20751.
-0.0019 19757.2
-0.00188 17962.7
-0.00186 15921.8
-0.00184 14246.7
-0.00182 13424.9
-0.0018 13685.4
-0.00178 14947.2
-0.00176 16857.3
-0.00174 18899.3
-0.00172 20538.3
-0.0017 21359.5
-0.00168 21166.6
-0.00166 20018.1
-0.00164 18199.7
-0.00162 16144.4
-0.0016 14325.
-0.00158 13145.5
-0.00156 12856.9
-0.00154 13512.4
-0.00152 14967.7
-0.0015 16922.3
-0.00148 18988.6
-0.00146 20771.7
-0.00144 21944.8
-0.00142 22304.3
-0.0014 21798.5
-0.00138 20527.
-0.00136 18713.3
-0.00134 16660.2
-0.00132 14696.2
-0.0013 13122.2
-0.00128 12168.3
-0.00126 11965.1
-0.00124 12532.2
-0.00122 13783.7
-0.0012 15547.4
-0.00118 17593.8
-0.00116 19669.6
-0.00114 21529.8
-0.00112 22966.8
-0.0011 23830.4
-0.00108 24040.1
-0.00106 23587.8
-0.00104 22532.4
-0.00102 20988.2
-0.001 19109.
-0.00098 17070.3
-0.00096 15051.6
-0.00094 13220.4
-0.00092 11719.6
-0.0009 10658.
-0.00088 10106.
-0.00086 10093.5
-0.00084 10612.2
-0.00082 11620.5
-0.0008 13049.4
-0.00078 14810.1
-0.00076 16801.6
-0.00074 18918.2
-0.00072 21055.8
-0.0007 23117.7
-0.00068 25018.5
-0.00066 26687.
-0.00064 28068.
-0.00062 29122.7
-0.0006 29828.4
-0.00058 30177.2
-0.00056 30174.3
-0.00054 29835.9
-0.00052 29187.5
-0.0005 28260.9
-0.00048 27092.6
-0.00046 25721.8
-0.00044 24188.8
-0.00042 22533.1
-0.0004 20793.
-0.00038 19004.
-0.00036 17198.9
-0.00034 15406.7
-0.00032 13653.
-0.0003 11959.8
-0.00028 10345.4
-0.00026 8825.02
-0.00024 7410.56
-0.00022 6111.37
-0.0002 4934.36
-0.00018 3884.41
-0.00016 2964.72
-0.00014 2177.08
-0.00012 1522.22
-0.0001 1000.06
-0.00008 609.901
-0.00006 350.671
-0.00004 221.041
-0.00002 219.554
0. 344.705
0.00002 594.98
0.00004 968.866
0.00006 1464.82
0.00008 2081.19
0.0001 2816.17
0.00012 3667.61
0.00014 4632.88
0.00016 5708.7
0.00018 6890.91
0.0002 8174.21
0.00022 9551.97
0.00024 11015.9
0.00026 12555.7
0.00028 14159.1
0.0003 15811.3
0.00032 17494.8
0.00034 19189.6
0.00036 20872.6
0.00038 22518.1
0.0004 24097.7
0.00042 25580.8
0.00044 26935.
0.00046 28126.8
0.00048 29122.6
0.0005 29889.6
0.00052 30397.8
0.00054 30620.5
0.00056 30537.2
0.00058 30134.5
0.0006 29408.3
0.00062 28365.4
0.00064 27025.2
0.00066 25420.3
0.00068 23597.4
0.0007 21617.2
0.00072 19552.8
0.00074 17488.2
0.00076 15514.6
0.00078 13726.7
0.0008 12216.9
0.00082 11069.9
0.00084 10355.6
0.00086 10122.9
0.00088 10393.9
0.0009 11158.5
0.00092 12371.9
0.00094 13953.7
0.00096 15790.7
0.00098 17742.4
0.001 19650.4
0.00102 21350.7
0.00104 22688.
0.00106 23531.8
0.00108 23791.8
0.0011 23430.6
0.00112 22473.2
0.00114 21009.5
0.00116 19190.3
0.00118 17214.8
0.0012 15310.8
0.00122 13708.5
0.00124 12611.4
0.00126 12166.4
0.00128 12439.7
0.0013 13400.7
0.00132 14919.1
0.00134 16776.7
0.00136 18694.4
0.00138 20371.9
0.0014 21535.6
0.00142 21985.7
0.00144 21636.2
0.00146 20538.2
0.00148 18879.3
0.0015 16958.5
0.00152 15135.4
0.00154 13764.1
0.00156 13121.
0.00158 13343.1
0.0016 14390.
0.00162 16042.1
0.00164 17938.6
0.00166 19651.4
0.00168 20780.8
0.0017 21053.
0.00172 20393.7
0.00174 18958.2
0.00176 17103.9
0.00178 15308.2
0.0018 14047.5
0.00182 13666.5
0.00184 14275.7
0.00186 15707.8
0.00188 17552.
0.0019 19264.3
0.00192 20325.3
0.00194 20402.9
0.00196 19465.7
0.00198 17807.3
0.002 15965.5
0.00202 14553.1
0.00204 14051.9
0.00206 14639.6
0.00208 16112.7
0.0021 17943.5
0.00212 19460.4
0.00214 20093.5
0.00216 19596.5
0.00218 18156.2
0.0022 16336.2
0.00222 14865.3
0.00224 14345.6
0.00226 14996.
0.00228 16544.7
0.0023 18326.9
0.00232 19561.7
0.00234 19696.4
0.00236 18665.3
0.00238 16938.4
0.0024 15320.5
0.00242 14580.4
0.00244 15077.2
0.00246 16569.5
0.00248 18315.1
0.0025 19429.6
0.00252 19337.6
0.00254 18083.3
0.00256 16328.3
0.00258 15015.
0.0026 14860.9
0.00262 15952.6
0.00264 17677.6
0.00266 19051.6
0.00268 19277.8
0.0027 18220.7
0.00272 16507.5
0.00274 15171.2
0.00276 15030.
0.00278 16172.1
0.0028 17879.
0.00282 19061.2
0.00284 18953.
0.00286 17623.4
0.00288 15954.2
0.0029 15067.7
0.00292 15568.
0.00294 17109.3
0.00296 18612.8
0.00298 19012.4
0.003 18020.6
0.00302 16357.4
0.00304 15245.7
0.00306 15512.9
0.00308 16956.4
0.0031 18473.3
0.00312 18891.
0.00314 17882.8
0.00316 16246.7
0.00318 15292.3
0.0032 15791.5
0.00322 17333.3
0.00324 18637.8
0.00326 18610.6
0.00328 17275.8
0.0033 15779.3
0.00332 15418.9
0.00334 16508.5
0.00336 18079.
0.00338 18720.6
0.0034 17852.6
0.00342 16272.4
0.00344 15444.6
0.00346 16142.2
0.00348 17701.5
0.0035 18629.
0.00352 18029.3
0.00354 16490.7
0.00356 15532.7
0.00358 16108.1
0.0036 17633.2
0.00362 18554.
0.00364 17925.5
0.00366 16403.5
0.00368 15584.9
0.0037 16333.5
0.00372 17844.
0.00374 18483.8
0.00376 17557.9
0.00378 16089.3
0.0038 15710.1
0.00382 16841.3
0.00384 18197.
0.00386 18227.6
0.00388 16902.
0.0039 15766.9
0.00392 16154.
0.00394 17598.2
0.00396 18368.3
0.00398 17537.4
0.004 16122.9
0.00402 15863.7
0.00404 17075.6
0.00406 18237.2
0.00408 17884.1
0.0041 16471.5
0.00412 15815.3
0.00414 16760.3
0.00416 18065.9
0.00418 18012.5
0.0042 16677.2
0.00422 15851.7
0.00424 16646.4
0.00426 17972.
0.00428 18008.2
0.0043 16711.3
0.00432 15894.8
0.00434 16702.2
0.00436 17981.4
0.00438 17904.2
0.0044 16589.
0.00442 15948.3
0.00444 16913.7
0.00446 18054.4
0.00448 17677.2
0.0045 16354.6
0.00452 16083.5
0.00454 17268.3
0.00456 18088.4
0.00458 17282.9
0.0046 16111.5
0.00462 16406.8
0.00464 17694.
0.00466 17924.9
0.00468 16737.6
0.0047 16051.3
0.00472 16974.
0.00474 17988.6
0.00476 17427.
0.00478 16229.4
0.0048 16395.5
0.00482 17636.2
0.00484 17847.4
0.00486 16677.3
0.00488 16139.7
0.0049 17156.2
0.00492 17950.2
0.00494 17135.9
0.00496 16157.8
0.00498 16748.5
0.005 17842.4
0.00502 17473.
0.00504 16319.
0.00506 16483.3
0.00508 17654.
0.0051 17668.
0.00512 16509.
0.00514 16346.6
0.00516 17476.3
0.00518 17754.8
0.0052 16660.8
0.00522 16296.
0.00524 17354.5
0.00526 17776.3
0.00528 16746.7
0.0053 16293.7
0.00532 17303.2
0.00534 17762.1
0.00536 16761.4
0.00538 16319.9
0.0054 17321.4
0.00542 17721.6
0.00544 16710.5
0.00546 16374.9
0.00548 17399.5
0.0055 17645.7
0.00552 16608.1
0.00554 16475.3
0.00556 17517.4
0.00558 17512.5
0.0056 16482.1
0.00562 16645.3
0.00564 17637.
0.00566 17299.6
0.00568 16382.5
0.0057 16899.9
0.00572 17696.4
0.00574 17006.3
0.00576 16381.5
0.00578 17217.8
0.0058 17618.5
0.00582 16683.5
0.00584 16551.2
0.00586 17513.5
0.00588 17350.1
0.0059 16451.3
0.00592 16907.6
0.00594 17639.8
0.00596 16931.6
0.00598 16465.7
0.006 17339.1
