-7. 258756.
-6.99 268430.
-6.98 277037.
-6.97 280439.
-6.96 277002.
-6.95 268372.
-6.94 258676.
-6.93 252543.
-6.92 252897.
-6.91 259573.
-6.9 269405.
-6.89 277734.
-6.88 280621.
-6.87 276707.
-6.86 267841.
-6.85 258201.
-6.84 252315.
-6.83 252939.
-6.82 259771.
-6.81 269606.
-6.8 277846.
-6.79 280650.
-6.78 276719.
-6.77 267887.
-6.76 258263.
-6.75 252314.
-6.74 252791.
-6.73 259473.
-6.72 269273.
-6.71 277674.
-6.7 280810.
-6.69 277245.
-6.68 268614.
-6.67 258865.
-6.66 252450.
-6.65 252293.
-6.64 258463.
-6.63 268153.
-6.62 276968.
-6.61 280918.
-6.6 278220.
-6.59 270099.
-6.58 260219.
-6.57 253027.
-6.56 251750.
-6.55 256957.
-6.54 266311.
-6.53 275626.
-6.52 280744.
-6.51 279390.
-6.5 272168.
-6.49 262287.
-6.48 254133.
-6.47 251313.
-6.46 255068.
-6.45 263742.
-6.44 273515.
-6.43 280089.
-6.42 280582.
-6.41 274786.
-6.4 265236.
-6.39 256104.
-6.38 251369.
-6.37 253088.
-6.36 260504.
-6.35 270398.
-6.34 278486.
-6.33 281275.
-6.32 277564.
-6.31 268961.
-6.3 259172.
-6.29 252400.
-6.28 251548.
-6.27 256978.
-6.26 266365.
-6.25 275697.
-6.24 281005.
-6.23 280031.
-6.22 273191.
-6.21 263385.
-6.2 254761.
-6.19 250958.
-6.18 253578.
-6.17 261521.
-6.16 271451.
-6.15 279205.
-6.14 281541.
-6.13 277488.
-6.12 268736.
-6.11 258928.
-6.1 252139.
-6.09 251178.
-6.08 256437.
-6.07 265740.
-6.06 275249.
-6.05 281051.
-6.04 280764.
-6.03 274514.
-6.02 264869.
-6.01 255774.
-6. 250945.
-5.99 252343.
-5.98 259390.
-5.97 269217.
-5.96 277837.
-5.95 281762.
-5.94 279410.
-5.93 271737.
-5.92 261838.
-5.91 253696.
-5.9 250579.
-5.89 253734.
-5.88 261895.
-5.87 271798.
-5.86 279495.
-5.85 281925.
-5.84 278126.
-5.83 269606.
-5.82 259739.
-5.81 252422.
-5.8 250539.
-5.79 254830.
-5.78 263608.
-5.77 273430.
-5.76 280452.
-5.75 281932.
-5.74 277296.
-5.73 268352.
-5.72 258577.
-5.71 251759.
-5.7 250536.
-5.69 255376.
-5.68 264410.
-5.67 274158.
-5.66 280875.
-5.65 281988.
-5.64 277074.
-5.63 268018.
-5.62 258278.
-5.61 251562.
-5.6 250420.
-5.59 255280.
-5.58 264297.
-5.57 274057.
-5.56 280879.
-5.55 282196.
-5.54 277516.
-5.53 268601.
-5.52 258798.
-5.51 251772.
-5.5 250143.
-5.49 254514.
-5.48 263256.
-5.47 273118.
-5.46 280445.
-5.45 282530.
-5.44 278608.
-5.43 270126.
-5.42 260209.
-5.41 252501.
-5.4 249824.
-5.39 253151.
-5.38 261269.
-5.37 271215.
-5.36 279367.
-5.35 282770.
-5.34 280194.
-5.33 272575.
-5.32 262664.
-5.31 254037.
-5.3 249795.
-5.29 251456.
-5.28 258421.
-5.27 268200.
-5.26 277299.
-5.25 282475.
-5.24 281894.
-5.23 275766.
-5.22 266265.
-5.21 256751.
-5.2 250584.
-5.19 249932.
-5.18 255018.
-5.17 264054.
-5.16 273877.
-5.15 281051.
-5.14 283074.
-5.13 279250.
-5.12 270911.
-5.11 260952.
-5.1 252823.
-5.09 249333.
-5.08 251679.
-5.07 259047.
-5.06 268905.
-5.05 277871.
-5.04 282877.
-5.03 282217.
-5.02 276122.
-5.01 266670.
-5. 257073.
-4.99 250585.
-4.98 249400.
-4.97 253910.
-4.96 262590.
-4.95 272519.
-4.94 280365.
-4.93 283500.
-4.92 280880.
-4.91 273385.
-4.9 263516.
-4.89 254554.
-4.88 249475.
-4.87 249956.
-4.86 255831.
-4.85 265159.
-4.84 274867.
-4.83 281767.
-4.82 283598.
-4.81 279766.
-4.8 271527.
-4.79 261570.
-4.78 253137.
-4.77 248964.
-4.76 250399.
-4.75 256974.
-4.74 266561.
-4.73 276072.
-4.72 282450.
-4.71 283652.
-4.7 279297.
-4.69 270781.
-4.68 260824.
-4.67 252596.
-4.66 248710.
-4.65 250392.
-4.64 257107.
-4.63 266730.
-4.62 276227.
-4.61 282614.
-4.6 283889.
-4.59 279657.
-4.58 271244.
-4.57 261279.
-4.56 252867.
-4.55 248617.
-4.54 249843.
-4.53 256163.
-4.52 265621.
-4.51 275299.
-4.5 282222.
-4.49 284271.
-4.48 280821.
-4.47 272930.
-4.46 263010.
-4.45 254084.
-4.44 248859.
-4.43 248915.
-4.42 254233.
-4.41 263202.
-4.4 273116.
-4.39 280996.
-4.38 284482.
-4.37 282534.
-4.36 275737.
-4.35 266124.
-4.34 256559.
-4.33 249877.
-4.32 248056.
-4.31 251631.
-4.3 259543.
-4.29 269456.
-4.28 278457.
-4.27 283914.
-4.26 284231.
-4.25 279319.
-4.24 270617.
-4.23 260659.
-4.22 252330.
-4.21 248040.
-4.2 249026.
-4.19 254999.
-4.18 264234.
-4.17 274079.
-4.16 281718.
-4.15 284970.
-4.14 282910.
-4.13 276130.
-4.12 266561.
-4.11 256913.
-4.1 249914.
-4.09 247538.
-4.08 250451.
-4.07 257828.
-4.06 267596.
-4.05 277027.
-4.04 283488.
-4.03 285180.
-4.02 281637.
-4.01 273847.
-4. 263968.
-3.99 254729.
-3.98 248677.
-3.97 247475.
-3.96 251447.
-3.95 259501.
-3.94 269436.
-3.93 278543.
-3.92 284344.
-3.91 285267.
-3.9 281066.
-3.89 272882.
-3.88 262925.
-3.87 253876.
-3.86 248166.
-3.85 247320.
-3.84 251559.
-3.83 259748.
-3.82 269705.
-3.81 278784.
-3.8 284579.
-3.79 285563.
-3.78 281483.
-3.77 273418.
-3.76 263492.
-3.75 254307.
-3.74 248261.
-3.73 246928.
-3.72 250648.
-3.71 258451.
-3.7 268310.
-3.69 277677.
-3.68 284136.
-3.67 286032.
-3.66 282884.
-3.65 275506.
-3.64 265784.
-3.63 256200.
-3.62 249189.
-3.61 246529.
-3.6 248887.
-3.59 255664.
-3.58 265148.
-3.57 274952.
-3.56 282618.
-3.55 286228.
-3.54 284888.
-3.53 278933.
-3.52 269847.
-3.51 259888.
-3.5 251522.
-3.49 246813.
-3.48 246918.
-3.47 251808.
-3.46 260280.
-3.45 270257.
-3.44 279301.
-3.43 285213.
-3.42 286559.
-3.41 283015.
-3.4 275444.
-3.39 265680.
-3.38 256075.
-3.37 248935.
-3.36 245967.
-3.35 247880.
-3.34 254210.
-3.33 263445.
-3.32 273392.
-3.31 281698.
-3.3 286400.
-3.29 286393.
-3.28 281686.
-3.27 273388.
-3.26 263444.
-3.25 254175.
-3.24 247743.
-3.23 245640.
-3.22 248347.
-3.21 255233.
-3.2 264708.
-3.19 274590.
-3.18 282603.
-3.17 286916.
-3.16 286549.
-3.15 281592.
-3.14 273176.
-3.13 263215.
-3.12 253969.
-3.11 247523.
-3.1 245322.
-3.09 247857.
-3.08 254557.
-3.07 263915.
-3.06 273841.
-3.05 282130.
-3.04 286947.
-3.03 287229.
-3.02 282917.
-3.01 274968.
-3. 265132.
-2.99 255564.
-2.98 248356.
-2.97 245080.
-2.96 246449.
-2.95 252158.
-2.94 260968.
-2.93 270976.
-2.92 280023.
-2.91 286161.
-2.9 288074.
-2.89 285359.
-2.88 278601.
-2.87 269244.
-2.86 259280.
-2.85 250825.
-2.84 245662.
-2.83 244873.
-2.82 248618.
-2.81 256107.
-2.8 265766.
-2.79 275577.
-2.78 283500.
-2.77 287897.
-2.76 287864.
-2.75 283413.
-2.74 275466.
-2.73 265657.
-2.72 255997.
-2.71 248458.
-2.7 244578.
-2.69 245143.
-2.68 250036.
-2.67 258262.
-2.66 268160.
-2.65 277734.
-2.64 285060.
-2.63 288671.
-2.62 287847.
-2.61 282759.
-2.6 274426.
-2.59 264507.
-2.58 254965.
-2.57 247684.
-2.56 244092.
-2.55 244888.
-2.54 249910.
-2.53 258170.
-2.52 268059.
-2.51 277655.
-2.5 285102.
-2.49 288966.
-2.48 288509.
-2.47 283823.
-2.46 275808.
-2.45 265998.
-2.44 256268.
-2.43 248468.
-2.42 244074.
-2.41 243916.
-2.4 248019.
-2.39 255608.
-2.38 265251.
-2.37 275142.
-2.36 283436.
-2.35 288591.
-2.34 289651.
-2.33 286427.
-2.32 279524.
-2.31 270216.
-2.3 260214.
-2.29 251350.
-2.28 245246.
-2.27 243009.
-2.26 245037.
-2.25 250961.
-2.24 259707.
-2.23 269695.
-2.22 279126.
-2.21 286311.
-2.2 289972.
-2.19 289462.
-2.18 284873.
-2.17 277027.
-2.16 267316.
-2.15 257454.
-2.14 249170.
-2.13 243918.
-2.12 242615.
-2.11 245483.
-2.1 252016.
-2.09 261080.
-2.08 271107.
-2.07 280364.
-2.06 287255.
-2.05 290602.
-2.04 289842.
-2.03 285109.
-2.02 277213.
-2.01 267500.
-2. 257618.
-1.99 249232.
-1.98 243743.
-1.97 242070.
-1.96 244489.
-1.95 250592.
-1.94 259358.
-1.93 269335.
-1.92 278876.
-1.91 286407.
-1.9 290689.
-1.89 291021.
-1.88 287357.
-1.87 280297.
-1.86 270996.
-1.85 260966.
-1.84 251835.
-1.83 245070.
-1.82 241753.
-1.81 242407.
-1.8 246923.
-1.79 254576.
-1.78 264145.
-1.77 274117.
-1.76 282922.
-1.75 289178.
-1.74 291902.
-1.73 290670.
-1.72 285678.
-1.71 277707.
-1.7 267998.
-1.69 258059.
-1.68 249427.
-1.67 243429.
-1.66 240980.
-1.65 242447.
-1.64 247598.
-1.63 255646.
-1.62 265365.
-1.61 275289.
-1.6 283925.
-1.59 289982.
-1.58 292558.
-1.57 291271.
-1.56 286313.
-1.55 278425.
-1.54 268776.
-1.53 258796.
-1.52 249955.
-1.51 243550.
-1.5 240513.
-1.49 241282.
-1.48 245736.
-1.47 253224.
-1.46 262660.
-1.45 272686.
-1.44 281863.
-1.43 288882.
-1.42 292747.
-1.41 292913.
-1.4 289359.
-1.39 282590.
-1.38 273565.
-1.37 263557.
-1.36 253970.
-1.35 246141.
-1.34 241158.
-1.33 239710.
-1.32 241991.
-1.31 247677.
-1.3 255983.
-1.29 265770.
-1.28 275700.
-1.27 284420.
-1.26 290750.
-1.25 293839.
-1.24 293277.
-1.23 289140.
-1.22 281988.
-1.21 272784.
-1.2 262758.
-1.19 253240.
-1.18 245486.
-1.17 240520.
-1.16 238991.
-1.15 241094.
-1.14 246547.
-1.13 254637.
-1.12 264313.
-1.11 274317.
-1.1 283357.
-1.09 290276.
-1.08 294194.
-1.07 294615.
-1.06 291490.
-1.05 285220.
-1.04 276607.
-1.03 266736.
-1.02 256846.
-1.01 248177.
-1. 241814.
-0.99 238548.
-0.98 238775.
-0.97 242461.
-0.96 249148.
-0.95 258011.
-0.94 267957.
-0.93 277773.
-0.92 286271.
-0.91 292428.
-0.9 295505.
-0.89 295131.
-0.88 291358.
-0.87 284640.
-0.86 275782.
-0.85 265838.
-0.84 255991.
-0.83 247408.
-0.82 241093.
-0.81 237779.
-0.8 237845.
-0.79 241279.
-0.78 247677.
-0.77 256295.
-0.76 266141.
-0.75 276090.
-0.74 285003.
-0.73 291863.
-0.72 295889.
-0.71 296630.
-0.7 294011.
-0.69 288333.
-0.68 280241.
-0.67 270645.
-0.66 260614.
-0.65 251256.
-0.64 243600.
-0.63 238485.
-0.62 236471.
-0.61 237777.
-0.6 242256.
-0.59 249419.
-0.58 258486.
-0.57 268474.
-0.56 278306.
-0.55 286930.
-0.54 293431.
-0.53 297128.
-0.52 297637.
-0.51 294909.
-0.5 289235.
-0.49 281208.
-0.48 271671.
-0.47 261618.
-0.46 252095.
-0.45 244087.
-0.44 238416.
-0.43 235657.
-0.42 236086.
-0.41 239651.
-0.4 245983.
-0.39 254443.
-0.38 264178.
-0.37 274212.
-0.36 283542.
-0.35 291241.
-0.34 296549.
-0.33 298941.
-0.32 298189.
-0.31 294374.
-0.3 287878.
-0.29 279340.
-0.28 269587.
-0.27 259562.
-0.26 250232.
-0.25 242490.
-0.24 237070.
-0.23 234486.
-0.22 234981.
-0.21 238503.
-0.2 244713.
-0.19 253023.
-0.18 262655.
-0.17 272714.
-0.16 282266.
-0.15 290430.
-0.14 296459.
-0.13 299808.
-0.12 300178.
-0.11 297537.
-0.1 292129.
-0.09 284451.
-0.08 275198.
-0.07 265197.
-0.06 255339.
-0.05 246503.
-0.04 239471.
-0.03 234858.
-0.02 233060.
-0.01 234231.
0. 238265.
0.01 244807.
0.02 253284.
0.03 262966.
0.04 273027.
0.05 282609.
0.06 290895.
0.07 297182.
0.08 300945.
0.09 301878.
0.1 299911.
0.11 295210.
0.12 288175.
0.13 279390.
0.14 269581.
0.15 259548.
0.16 250111.
0.17 242041.
0.18 235993.
0.19 232449.
0.2 231686.
0.21 233759.
0.22 238496.
0.23 245517.
0.24 254262.
0.25 264044.
0.26 274102.
0.27 283650.
0.28 291944.
0.29 298339.
0.3 302348.
0.31 303675.
0.32 302225.
0.33 298118.
0.34 291668.
0.35 283367.
0.36 273836.
0.37 263788.
0.38 253974.
0.39 245126.
0.4 237900.
0.41 232822.
0.42 230254.
0.43 230376.
0.44 233174.
0.45 238440.
0.46 245795.
0.47 254710.
0.48 264551.
0.49 274614.
0.5 284185.
0.51 292590.
0.52 299243.
0.53 303689.
0.54 305629.
0.55 304936.
0.56 301660.
0.57 296028.
0.58 288427.
0.59 279378.
0.6 269501.
0.61 259463.
0.62 249939.
0.63 241559.
0.64 234876.
0.65 230325.
0.66 228201.
0.67 228641.
0.68 231614.
0.69 236922.
0.7 244217.
0.71 253023.
0.72 262772.
0.73 272844.
0.74 282602.
0.75 291432.
0.76 298783.
0.77 304202.
0.78 307354.
0.79 308047.
0.8 306242.
0.81 302060.
0.82 295767.
0.83 287748.
0.84 278488.
0.85 268548.
0.86 258527.
0.87 249023.
0.88 240597.
0.89 233743.
0.9 228863.
0.91 226239.
0.92 226018.
0.93 228204.
0.94 232666.
0.95 239148.
0.96 247275.
0.97 256579.
0.98 266532.
0.99 276576.
1. 286153.
1.01 294730.
1.02 301831.
1.03 307067.
1.04 310162.
1.05 310953.
1.06 309402.
1.07 305598.
1.08 299752.
1.09 292184.
1.1 283298.
1.11 273565.
1.12 263501.
1.13 253642.
1.14 244501.
1.15 236546.
1.16 230181.
1.17 225729.
1.18 223417.
1.19 223360.
1.2 225553.
1.21 229880.
1.22 236122.
1.23 243963.
1.24 253008.
1.25 262806.
1.26 272884.
1.27 282754.
1.28 291942.
1.29 299999.
1.3 306538.
1.31 311254.
1.32 313935.
1.33 314462.
1.34 312816.
1.35 309078.
1.36 303427.
1.37 296126.
1.38 287514.
1.39 277989.
1.4 267993.
1.41 257981.
1.42 248398.
1.43 239665.
1.44 232165.
1.45 226232.
1.46 222126.
1.47 220023.
1.48 220008.
1.49 222073.
1.5 226122.
1.51 231978.
1.52 239387.
1.53 248038.
1.54 257567.
1.55 267575.
1.56 277643.
1.57 287351.
1.58 296304.
1.59 304143.
1.6 310559.
1.61 315300.
1.62 318177.
1.63 319079.
1.64 317973.
1.65 314912.
1.66 310025.
1.67 303512.
1.68 295629.
1.69 286677.
1.7 277000.
1.71 266968.
1.72 256966.
1.73 247369.
1.74 238535.
1.75 230788.
1.76 224409.
1.77 219626.
1.78 216607.
1.79 215461.
1.8 216225.
1.81 218869.
1.82 223289.
1.83 229322.
1.84 236752.
1.85 245322.
1.86 254733.
1.87 264657.
1.88 274755.
1.89 284683.
1.9 294110.
1.91 302720.
1.92 310229.
1.93 316394.
1.94 321019.
1.95 323961.
1.96 325126.
1.97 324482.
1.98 322055.
1.99 317934.
2. 312256.
2.01 305201.
2.02 296991.
2.03 287889.
2.04 278181.
2.05 268165.
2.06 258142.
2.07 248414.
2.08 239276.
2.09 231002.
2.1 223832.
2.11 217968.
2.12 213577.
2.13 210784.
2.14 209668.
2.15 210254.
2.16 212518.
2.17 216391.
2.18 221764.
2.19 228480.
2.2 236347.
2.21 245149.
2.22 254646.
2.23 264586.
2.24 274697.
2.25 284705.
2.26 294345.
2.27 303372.
2.28 311562.
2.29 318704.
2.3 324615.
2.31 329145.
2.32 332188.
2.33 333679.
2.34 333587.
2.35 331922.
2.36 328728.
2.37 324089.
2.38 318122.
2.39 310974.
2.4 302823.
2.41 293870.
2.42 284329.
2.43 274420.
2.44 264370.
2.45 254408.
2.46 244767.
2.47 235668.
2.48 227313.
2.49 219879.
2.5 213523.
2.51 208381.
2.52 204564.
2.53 202154.
2.54 201195.
2.55 201701.
2.56 203654.
2.57 207007.
2.58 211686.
2.59 217595.
2.6 224612.
2.61 232591.
2.62 241368.
2.63 250762.
2.64 260587.
2.65 270655.
2.66 280776.
2.67 290757.
2.68 300406.
2.69 309540.
2.7 317991.
2.71 325612.
2.72 332269.
2.73 337850.
2.74 342254.
2.75 345406.
2.76 347254.
2.77 347777.
2.78 346977.
2.79 344875.
2.8 341510.
2.81 336940.
2.82 331249.
2.83 324541.
2.84 316935.
2.85 308560.
2.86 299552.
2.87 290056.
2.88 280227.
2.89 270226.
2.9 260209.
2.91 250331.
2.92 240741.
2.93 231586.
2.94 223001.
2.95 215112.
2.96 208029.
2.97 201856.
2.98 196679.
2.99 192568.
3. 189574.
3.01 187733.
3.02 187066.
3.03 187583.
3.04 189270.
3.05 192097.
3.06 196020.
3.07 200984.
3.08 206924.
3.09 213758.
3.1 221392.
3.11 229726.
3.12 238656.
3.13 248072.
3.14 257856.
3.15 267885.
3.16 278037.
3.17 288195.
3.18 298246.
3.19 308076.
3.2 317567.
3.21 326612.
3.22 335116.
3.23 342995.
3.24 350169.
3.25 356560.
3.26 362100.
3.27 366736.
3.28 370433.
3.29 373161.
3.3 374896.
3.31 375626.
3.32 375347.
3.33 374072.
3.34 371822.
3.35 368626.
3.36 364520.
3.37 359550.
3.38 353769.
3.39 347233.
3.4 340008.
3.41 332164.
3.42 323779.
3.43 314933.
3.44 305702.
3.45 296165.
3.46 286404.
3.47 276509.
3.48 266567.
3.49 256658.
3.5 246857.
3.51 237238.
3.52 227878.
3.53 218856.
3.54 210241.
3.55 202091.
3.56 194459.
3.57 187397.
3.58 180958.
3.59 175190.
3.6 170127.
3.61 165797.
3.62 162224.
3.63 159426.
3.64 157422.
3.65 156223.
3.66 155830.
3.67 156240.
3.68 157444.
3.69 159430.
3.7 162182.
3.71 165683.
3.72 169909.
3.73 174829.
3.74 180410.
3.75 186615.
3.76 193409.
3.77 200755.
3.78 208612.
3.79 216935.
3.8 225674.
3.81 234785.
3.82 244223.
3.83 253943.
3.84 263898.
3.85 274037.
3.86 284312.
3.87 294677.
3.88 305089.
3.89 315504.
3.9 325879.
3.91 336170.
3.92 346336.
3.93 356337.
3.94 366139.
3.95 375706.
3.96 385008.
3.97 394012.
3.98 402689.
3.99 411008.
4. 418947.
4.01 426487.
4.02 433610.
4.03 440295.
4.04 446523.
4.05 452280.
4.06 457557.
4.07 462349.
4.08 466649.
4.09 470446.
4.1 473734.
4.11 476513.
4.12 478788.
4.13 480562.
4.14 481836.
4.15 482609.
4.16 482887.
4.17 482682.
4.18 482005.
4.19 480866.
4.2 479269.
4.21 477226.
4.22 474750.
4.23 471859.
4.24 468567.
4.25 464885.
4.26 460825.
4.27 456405.
4.28 451642.
4.29 446554.
4.3 441154.
4.31 435458.
4.32 429481.
4.33 423244.
4.34 416764.
4.35 410054.
4.36 403129.
4.37 396007.
4.38 388706.
4.39 381242.
4.4 373629.
4.41 365880.
4.42 358010.
4.43 350037.
4.44 341977.
4.45 333842.
4.46 325641.
4.47 317387.
4.48 309097.
4.49 300785.
4.5 292462.
4.51 284136.
4.52 275815.
4.53 267513.
4.54 259244.
4.55 251017.
4.56 242839.
4.57 234714.
4.58 226653.
4.59 218666.
4.6 210765.
4.61 202954.
4.62 195235.
4.63 187615.
4.64 180102.
4.65 172705.
4.66 165430.
4.67 158278.
4.68 151251.
4.69 144356.
4.7 137600.
4.71 130988.
4.72 124521.
4.73 118200.
4.74 112028.
4.75 106011.
4.76 100154.
4.77 94458.2
4.78 88923.
4.79 83550.1
4.8 78343.2
4.81 73306.4
4.82 68441.4
4.83 63747.8
4.84 59226.1
4.85 54878.5
4.86 50708.2
4.87 46716.9
4.88 42904.5
4.89 39271.
4.9 35817.9
4.91 32547.3
4.92 29461.
4.93 26559.3
4.94 23842.
4.95 21310.
4.96 18965.1
4.97 16808.9
4.98 14841.9
4.99 13064.2
5. 11476.2
5.01 10079.5
5.02 8875.71
5.03 7865.59
5.04 7049.37
5.05 6427.42
5.06 6000.84
5.07 5771.14
5.08 5739.5
5.09 5906.52
5.1 6272.56
5.11 6838.24
5.12 7604.64
5.13 8573.03
5.14 9744.54
5.15 11119.8
5.16 12699.1
5.17 14482.6
5.18 16471.2
5.19 18666.1
5.2 21068.7
5.21 23679.2
5.22 26496.7
5.23 29520.8
5.24 32752.5
5.25 36193.4
5.26 39844.
5.27 43703.
5.28 47768.2
5.29 52038.7
5.3 56516.
5.31 61201.2
5.32 66092.9
5.33 71186.9
5.34 76479.9
5.35 81971.7
5.36 87663.4
5.37 93554.
5.38 99638.1
5.39 105909.
5.4 112364.
5.41 119003.
5.42 125824.
5.43 132823.
5.44 139990.
5.45 147317.
5.46 154801.
5.47 162441.
5.48 170231.
5.49 178160.
5.5 186216.
5.51 194392.
5.52 202684.
5.53 211085.
5.54 219584.
5.55 228166.
5.56 236817.
5.57 245530.
5.58 254297.
5.59 263106.
5.6 271938.
5.61 280778.
5.62 289611.
5.63 298429.
5.64 307217.
5.65 315956.
5.66 324625.
5.67 333208.
5.68 341691.
5.69 350059.
5.7 358292.
5.71 366366.
5.72 374263.
5.73 381967.
5.74 389460.
5.75 396721.
5.76 403727.
5.77 410457.
5.78 416895.
5.79 423023.
5.8 428821.
5.81 434264.
5.82 439334.
5.83 444013.
5.84 448288.
5.85 452140.
5.86 455548.
5.87 458493.
5.88 460962.
5.89 462946.
5.9 464433.
5.91 465407.
5.92 465852.
5.93 465761.
5.94 465130.
5.95 463957.
5.96 462236.
5.97 459959.
5.98 457123.
5.99 453735.
6. 449802.
6.01 445331.
6.02 440327.
6.03 434797.
6.04 428755.
6.05 422220.
6.06 415213.
6.07 407755.
6.08 399865.
6.09 391567.
6.1 382893.
6.11 373874.
6.12 364546.
6.13 354945.
6.14 345107.
6.15 335071.
6.16 324879.
6.17 314577.
6.18 304216.
6.19 293841.
6.2 283501.
6.21 273242.
6.22 263116.
6.23 253177.
6.24 243482.
6.25 234080.
6.26 225020.
6.27 216352.
6.28 208125.
6.29 200393.
6.3 193204.
6.31 186601.
6.32 180624.
6.33 175310.
6.34 170698.
6.35 166822.
6.36 163712.
6.37 161391.
6.38 159878.
6.39 159184.
6.4 159319.
6.41 160288.
6.42 162093.
6.43 164725.
6.44 168167.
6.45 172396.
6.46 177385.
6.47 183104.
6.48 189518.
6.49 196582.
6.5 204239.
6.51 212428.
6.52 221088.
6.53 230158.
6.54 239568.
6.55 249240.
6.56 259087.
6.57 269022.
6.58 278966.
6.59 288837.
6.6 298547.
6.61 308001.
6.62 317109.
6.63 325785.
6.64 333951.
6.65 341527.
6.66 348434.
6.67 354600.
6.68 359959.
6.69 364454.
6.7 368034.
6.71 370656.
6.72 372287.
6.73 372906.
6.74 372499.
6.75 371060.
6.76 368596.
6.77 365127.
6.78 360689.
6.79 355327.
6.8 349089.
6.81 342035.
6.82 334239.
6.83 325792.
6.84 316791.
6.85 307335.
6.86 297528.
6.87 287482.
6.88 277321.
6.89 267174.
6.9 257163.
6.91 247408.
6.92 238033.
6.93 229162.
6.94 220913.
6.95 213395.
6.96 206708.
6.97 200942.
6.98 196183.
6.99 192500.
7. 189949.
