-7. 138082.
-6.98 128377.
-6.96 136888.
-6.94 130440.
-6.92 134141.
-6.9 133613.
-6.88 130856.
-6.86 136653.
-6.84 128429.
-6.82 138153.
-6.8 128077.
-6.78 137270.
-6.76 130140.
-6.74 134244.
-6.72 133758.
-6.7 130511.
-6.68 137091.
-6.66 128072.
-6.64 138238.
-6.62 128452.
-6.6 136335.
-6.58 131624.
-6.56 132365.
-6.54 135772.
-6.52 128731.
-6.5 138238.
-6.48 127926.
-6.46 137178.
-6.44 130709.
-6.42 133146.
-6.4 135262.
-6.38 128949.
-6.36 138244.
-6.34 127843.
-6.32 137179.
-6.3 130919.
-6.28 132706.
-6.26 135841.
-6.24 128436.
-6.22 138449.
-6.2 128161.
-6.18 136257.
-6.16 132356.
-6.14 131047.
-6.12 137292.
-6.1 127668.
-6.08 138179.
-6.06 129590.
-6.04 133892.
-6.02 135114.
-6. 128662.
-5.98 138544.
-5.96 128079.
-5.94 136033.
-5.92 133014.
-5.9 130121.
-5.88 138088.
-5.86 127523.
-5.84 137305.
-5.82 131516.
-5.8 131353.
-5.78 137467.
-5.76 127444.
-5.74 137925.
-5.72 130686.
-5.7 132056.
-5.68 137110.
-5.66 127445.
-5.64 138134.
-5.62 130483.
-5.6 132116.
-5.58 137192.
-5.56 127369.
-5.54 138021.
-5.52 130887.
-5.5 131516.
-5.48 137714.
-5.46 127273.
-5.44 137481.
-5.42 131982.
-5.4 130292.
-5.38 138469.
-5.36 127484.
-5.34 136225.
-5.32 133836.
-5.3 128694.
-5.28 138956.
-5.26 128526.
-5.24 133991.
-5.22 136254.
-5.2 127349.
-5.18 138394.
-5.16 130909.
-5.14 130886.
-5.12 138462.
-5.1 127346.
-5.08 135989.
-5.06 134589.
-5.04 127917.
-5.02 138963.
-5. 129804.
-4.98 131789.
-4.96 138184.
-4.94 127123.
-4.92 136289.
-4.9 134555.
-4.88 127752.
-4.86 138956.
-4.84 130305.
-4.82 130938.
-4.8 138779.
-4.78 127459.
-4.76 134915.
-4.74 136252.
-4.72 126957.
-4.7 138016.
-4.68 132690.
-4.66 128595.
-4.64 139331.
-4.62 129433.
-4.6 131487.
-4.58 138793.
-4.56 127348.
-4.54 134611.
-4.52 136904.
-4.5 126707.
-4.48 137194.
-4.46 134373.
-4.44 127325.
-4.42 138846.
-4.4 131826.
-4.38 128786.
-4.36 139522.
-4.34 129677.
-4.32 130640.
-4.3 139396.
-4.28 128107.
-4.26 132527.
-4.24 138735.
-4.22 127117.
-4.2 134216.
-4.18 137801.
-4.16 126607.
-4.14 135593.
-4.12 136809.
-4.1 126432.
-4.08 136634.
-4.06 135914.
-4.04 126444.
-4.02 137366.
-4. 135209.
-3.98 126523.
-3.96 137837.
-3.94 134745.
-3.92 126584.
-3.9 138086.
-3.88 134549.
-3.86 126578.
-3.84 138133.
-3.82 134636.
-3.8 126485.
-3.78 137978.
-3.76 135009.
-3.74 126324.
-3.72 137594.
-3.7 135658.
-3.68 126155.
-3.66 136931.
-3.64 136553.
-3.62 126079.
-3.6 135926.
-3.58 137628.
-3.56 126233.
-3.54 134535.
-3.52 138755.
-3.5 126787.
-3.48 132757.
-3.46 139732.
-3.44 127915.
-3.42 130684.
-3.4 140282.
-3.38 129734.
-3.36 128547.
-3.34 140078.
-3.32 132235.
-3.3 126741.
-3.28 138822.
-3.26 135188.
-3.24 125788.
-3.22 136385.
-3.2 138078.
-3.18 126221.
-3.16 132981.
-3.14 140118.
-3.12 128373.
-3.1 129277.
-3.08 140449.
-3.06 132074.
-3.04 126392.
-3.02 138493.
-3. 136427.
-2.98 125598.
-2.96 134426.
-2.94 139864.
-2.92 127714.
-2.9 129513.
-2.88 140643.
-2.86 132400.
-2.84 125935.
-2.82 137825.
-2.8 137757.
-2.78 125867.
-2.76 132280.
-2.74 140840.
-2.72 130006.
-2.7 126902.
-2.68 139309.
-2.66 136377.
-2.64 125339.
-2.62 133459.
-2.6 140791.
-2.58 129349.
-2.56 127049.
-2.54 139516.
-2.52 136552.
-2.5 125281.
-2.48 132811.
-2.46 141136.
-2.44 130377.
-2.42 126087.
-2.4 138446.
-2.38 138327.
-2.36 125980.
-2.34 130292.
-2.32 141243.
-2.3 133414.
-2.28 124877.
-2.26 135301.
-2.24 140810.
-2.22 128803.
-2.2 126576.
-2.18 139194.
-2.16 138213.
-2.14 125809.
-2.12 129727.
-2.1 141265.
-2.08 134834.
-2.06 124613.
-2.04 133089.
-2.02 141726.
-2. 131683.
-1.98 124745.
-1.96 135923.
-1.94 141181.
-1.92 129239.
-1.9 125557.
-1.88 137976.
-1.86 140250.
-1.84 127579.
-1.82 126503.
-1.8 139291.
-1.78 139394.
-1.76 126586.
-1.74 127213.
-1.72 140014.
-1.7 138896.
-1.68 126114.
-1.66 127480.
-1.64 140268.
-1.62 138896.
-1.6 126082.
-1.58 127220.
-1.56 140084.
-1.54 139428.
-1.52 126520.
-1.5 126452.
-1.48 139371.
-1.46 140413.
-1.44 127570.
-1.42 125321.
-1.4 137946.
-1.38 141624.
-1.36 129441.
-1.34 124154.
-1.32 135605.
-1.3 142622.
-1.28 132289.
-1.26 123514.
-1.24 132290.
-1.22 142723.
-1.2 136010.
-1.18 124177.
-1.16 128338.
-1.14 141117.
-1.12 139966.
-1.1 126897.
-1.08 124733.
-1.06 137239.
-1.04 142820.
-1.02 131883.
-1. 123115.
-0.98 131420.
-0.96 142770.
-0.94 138091.
-0.92 125200.
-0.9 125524.
-0.88 138533.
-0.86 142852.
-0.84 131423.
-0.82 122816.
-0.8 130939.
-0.78 142749.
-0.76 139388.
-0.74 126193.
-0.72 123994.
-0.7 136244.
-0.68 143837.
-0.66 134998.
-0.64 123359.
-0.62 126754.
-0.6 140016.
-0.58 143065.
-0.56 131320.
-0.54 122348.
-0.52 129490.
-0.5 142192.
-0.48 141808.
-0.46 128903.
-0.44 122197.
-0.42 131350.
-0.4 143256.
-0.38 140977.
-0.36 127743.
-0.34 122150.
-0.32 132002.
-0.3 143633.
-0.28 141024.
-0.26 127754.
-0.24 121876.
-0.22 131323.
-0.2 143417.
-0.18 142037.
-0.16 129026.
-0.14 121500.
-0.12 129289.
-0.1 142278.
-0.08 143733.
-0.06 131805.
-0.04 121663.
-0.02 126108.
0. 139557.
0.02 145271.
0.04 136200.
0.06 123491.
0.08 122630.
0.1 134649.
0.12 145104.
0.14 141539.
0.16 128191.
0.18 120756.
0.2 127898.
0.22 141336.
0.24 145623.
0.26 135887.
0.28 123169.
0.3 121763.
0.32 133223.
0.34 144854.
0.36 143890.
0.38 131401.
0.4 120913.
0.42 123672.
0.44 136727.
0.46 146275.
0.48 142325.
0.5 129007.
0.52 120072.
0.54 124655.
0.56 138082.
0.58 146831.
0.6 142180.
0.62 128764.
0.64 119772.
0.66 123955.
0.68 137250.
0.7 146913.
0.72 143780.
0.74 130833.
0.76 120178.
0.78 121674.
0.8 133924.
0.82 145766.
0.84 146531.
0.86 135562.
0.88 122608.
0.9 119048.
0.92 127960.
0.94 141633.
0.96 148372.
0.98 142496.
1. 128968.
1.02 119061.
1.04 120928.
1.06 133017.
1.08 145531.
1.1 148449.
1.12 139488.
1.14 125727.
1.16 117893.
1.18 122011.
1.2 134905.
1.22 146806.
1.24 148812.
1.26 139471.
1.28 125677.
1.3 117470.
1.32 120738.
1.34 133122.
1.36 145866.
1.38 150083.
1.4 142896.
1.42 129257.
1.44 118417.
1.46 117621.
1.48 127366.
1.5 141234.
1.52 150226.
1.54 148600.
1.56 137431.
1.58 123766.
1.6 116097.
1.62 119110.
1.64 130940.
1.66 144457.
1.68 151639.
1.7 148304.
1.72 136433.
1.74 122872.
1.76 115316.
1.78 117977.
1.8 129341.
1.82 143159.
1.84 151956.
1.86 151059.
1.88 140993.
1.9 127048.
1.92 116431.
1.94 114529.
1.96 122261.
1.98 135751.
2. 148366.
2.02 154015.
2.04 150040.
2.06 138366.
2.08 124472.
2.1 114755.
2.12 113602.
2.14 121490.
2.16 134894.
2.18 147952.
2.2 155063.
2.22 153251.
2.24 143328.
2.26 129436.
2.28 117248.
2.3 111644.
2.32 114806.
2.34 125456.
2.36 139466.
2.38 151523.
2.4 157147.
2.42 154319.
2.44 144121.
2.46 130240.
2.48 117579.
2.5 110514.
2.52 111419.
2.54 119946.
2.56 133235.
2.58 146943.
2.6 156692.
2.62 159448.
2.64 154413.
2.66 143184.
2.68 129170.
2.7 116528.
2.72 108915.
2.74 108466.
2.76 115261.
2.78 127383.
2.8 141520.
2.82 153909.
2.84 161339.
2.86 161952.
2.88 155656.
2.9 144070.
2.92 130054.
2.94 116971.
2.96 107878.
2.98 104831.
3. 108469.
3.02 117940.
3.04 131153.
3.06 145280.
3.08 157388.
3.1 165039.
3.12 166755.
3.14 162268.
3.16 152503.
3.18 139346.
3.2 125250.
3.22 112762.
3.24 104062.
3.26 100615.
3.28 102952.
3.3 110637.
3.32 122391.
3.34 136339.
3.36 150331.
3.38 162288.
3.4 170498.
3.42 173846.
3.44 171934.
3.46 165090.
3.48 154289.
3.5 140975.
3.52 126857.
3.54 113678.
3.56 103001.
3.58 96038.
3.6 93534.8
3.62 95715.4
3.64 102295.
3.66 112547.
3.68 125402.
3.7 139583.
3.72 153743.
3.74 166599.
3.76 177038.
3.78 184213.
3.8 187589.
3.82 186964.
3.84 182464.
3.86 174506.
3.88 163739.
3.9 150981.
3.92 137147.
3.94 123173.
3.96 109960.
3.98 98309.7
4. 88888.2
4.02 82198.8
4.04 78564.3
4.06 78127.5
4.08 80862.3
4.1 86588.4
4.12 94996.6
4.14 105680.
4.16 118159.
4.18 131914.
4.2 146411.
4.22 161128.
4.24 175571.
4.26 189296.
4.28 201917.
4.3 213112.
4.32 222632.
4.34 230296.
4.36 235992.
4.38 239667.
4.4 241330.
4.42 241034.
4.44 238875.
4.46 234982.
4.48 229507.
4.5 222622.
4.52 214508.
4.54 205351.
4.56 195337.
4.58 184646.
4.6 173453.
4.62 161920.
4.64 150198.
4.66 138425.
4.68 126725.
4.7 115208.
4.72 103969.
4.74 93093.
4.76 82652.
4.78 72705.7
4.8 63304.8
4.82 54492.3
4.84 46303.1
4.86 38764.8
4.88 31900.8
4.9 25730.6
4.92 20270.
4.94 15532.2
4.96 11528.9
4.98 8271.22
5. 5769.04
5.02 4032.28
5.04 3070.84
5.06 2894.58
5.08 3513.37
5.1 4937.02
5.12 7174.56
5.14 10233.9
5.16 14121.4
5.18 18840.9
5.2 24392.6
5.22 30772.2
5.24 37969.4
5.26 45967.
5.28 54739.2
5.3 64249.7
5.32 74450.2
5.34 85279.7
5.36 96662.9
5.38 108507.
5.4 120702.
5.42 133121.
5.44 145619.
5.46 158031.
5.48 170175.
5.5 181856.
5.52 192863.
5.54 202976.
5.56 211972.
5.58 219626.
5.6 225723.
5.62 230065.
5.64 232477.
5.66 232817.
5.68 230990.
5.7 226955.
5.72 220731.
5.74 212413.
5.76 202172.
5.78 190259.
5.8 177007.
5.82 162829.
5.84 148204.
5.86 133669.
5.88 119798.
5.9 107176.
5.92 96374.2
5.94 87917.1
5.96 82248.3
5.98 79694.7
6. 80438.6
6.02 84490.
6.04 91665.7
6.06 101584.
6.08 113672.
6.1 127180.
6.12 141222.
6.14 154828.
6.16 167006.
6.18 176821.
6.2 183470.
6.22 186362.
6.24 185189.
6.26 179976.
6.28 171099.
6.3 159288.
6.32 145585.
6.34 131257.
6.36 117694.
6.38 106273.
6.4 98201.4
6.42 94383.
6.44 95287.1
6.46 100861.
6.48 110506.
6.5 123106.
6.52 137137.
6.54 150830.
6.56 162396.
6.58 170257.
6.6 173285.
6.62 170992.
6.64 163633.
6.66 152225.
6.68 138431.
6.7 124343.
6.72 112175.
6.74 103904.
6.76 100930.
6.78 103805.
6.8 112083.
6.82 124346.
6.84 138411.
6.86 151688.
6.88 161659.
6.9 166362.
6.92 164812.
6.94 157253.
6.96 145173.
6.98 131048.
7. 117866.
